#
# A fatal error has been detected by the Java Runtime Environment:
#
#  SIGBUS (0xa) at pc=0x00000001119d0ee9, pid=34574, tid=0x0000000000002e03
#
# JRE version: Java(TM) SE Runtime Environment (8.0_271-b09) (build 1.8.0_271-b09)
# Java VM: Java HotSpot(TM) 64-Bit Server VM (25.271-b09 mixed mode bsd-amd64 compressed oops)
# Problematic frame:
# V  [libjvm.dylib+0x1d0ee9]
#
# Failed to write core dump. Core dumps have been disabled. To enable core dumping, try "ulimit -c unlimited" before starting Java again
#
# If you would like to submit a bug report, please visit:
#   http://bugreport.java.com/bugreport/crash.jsp
#

---------------  T H R E A D  ---------------

Current thread (0x00007fc204020000):  VMThread [stack: 0x000070000b9ec000,0x000070000baec000] [id=11779]

siginfo: si_signo: 10 (SIGBUS), si_code: 2 (BUS_ADRERR), si_addr: 0x000000013ab51cf8

Registers:
RAX=0x000000013a9bdb68, RBX=0x000000013a9574d0, RCX=0x000000000000ffff, RDX=0x0000000000194180
RSP=0x000070000baeb240, RBP=0x000070000baeb240, RSI=0x000000000000ca0c, RDI=0x000000013a9574d0
R8 =0x000000000000001e, R9 =0x000000008fffffff, R10=0x000000008a000000, R11=0xfffffffffa684e98
R12=0x0000000000000029, R13=0x000070000baeb8f8, R14=0x0000000000000000, R15=0x000000000000001e
RIP=0x00000001119d0ee9, EFLAGS=0x0000000000010202, ERR=0x0000000000000004
  TRAPNO=0x000000000000000e

Top of Stack: (sp=0x000070000baeb240)
0x000070000baeb240:   000070000baeb260 00000001119d0f10
0x000070000baeb250:   000000013a958848 000070000baeb718
0x000070000baeb260:   000070000baeb6f0 0000000111a742f2
0x000070000baeb270:   0000000111edd758 00007fc209995000
0x000070000baeb280:   0000000000000014 000000060000000c
0x000070000baeb290:   000070000baeb2a0 0000000600000001
0x000070000baeb2a0:   4fffffff4fffffff 4fffffff4fffffff
0x000070000baeb2b0:   4fffffff4fffffff 00000006c0a06868
0x000070000baeb2c0:   00000006c0a068d8 00000006c0a06948
0x000070000baeb2d0:   00000006c0a067e8 00000006c0a069b8
0x000070000baeb2e0:   00000006c03b8618 00000006c0a06a60
0x000070000baeb2f0:   00000006c03b8a88 00000006c0a06ad0
0x000070000baeb300:   000070000baeb320 0000000111d05a71
0x000070000baeb310:   000070000baeb330 8a54fcf5cb9a00ba
0x000070000baeb320:   000070000baeb360 000070000baeb360
0x000070000baeb330:   000070004fffffff 000000014600002f
0x000070000baeb340:   0000000000000001 000000004fffffff
0x000070000baeb350:   000070000baeb7e0 0000000111a74416
0x000070000baeb360:   0000000111edd758 00007fc204964d40
0x000070000baeb370:   0000000000000014 0000000600000004
0x000070000baeb380:   000070000baeb390 0000000600000001
0x000070000baeb390:   4fffffff4fffffff 4fffffff4fffffff
0x000070000baeb3a0:   00000006c0a07590 00000006c0a07600
0x000070000baeb3b0:   00000006c0a07670 00000006c02fd048
0x000070000baeb3c0:   00000006c0a076e0 000070000e770d90
0x000070000baeb3d0:   000070000e770d90 00000006c0a07838
0x000070000baeb3e0:   00000006c0a078b0 00000006c0a07920
0x000070000baeb3f0:   00000006c0a07990 00000006c0a07a00
0x000070000baeb400:   00000006c0a07a98 00000006c0a07b10
0x000070000baeb410:   00000006c0a07b90 00000006c0a07c08
0x000070000baeb420:   00000006c0a07c78 00000006c0a07ce8
0x000070000baeb430:   00000006c0a07d60 00000006c0a07dd0 

Instructions: (pc=0x00000001119d0ee9)
0x00000001119d0ec9:   e5 85 d2 75 22 48 8b 47 10 48 85 c0 74 19 85 f6
0x00000001119d0ed9:   79 02 f7 d6 48 63 d6 48 c1 e2 05 b9 ff ff 00 00
0x00000001119d0ee9:   48 23 4c 10 10 eb 0b 48 8b 47 08 48 63 ce 8a 44
0x00000001119d0ef9:   08 04 0f b7 44 cf 52 5d c3 55 48 89 e5 53 50 48 

Register to memory mapping:

RAX=0x000000013a9bdb68 is pointing into metadata
RBX=0x000000013a9574d0 is pointing into metadata
RCX=0x000000000000ffff is an unknown value
RDX=0x0000000000194180 is an unknown value
RSP=0x000070000baeb240 is an unknown value
RBP=0x000070000baeb240 is an unknown value
RSI=0x000000000000ca0c is an unknown value
RDI=0x000000013a9574d0 is pointing into metadata
R8 =0x000000000000001e is an unknown value
R9 =0x000000008fffffff is an unknown value
R10=0x000000008a000000 is an unknown value
R11=0xfffffffffa684e98 is an unknown value
R12=0x0000000000000029 is an unknown value
R13=0x000070000baeb8f8 is an unknown value
R14=0x0000000000000000 is an unknown value
R15=0x000000000000001e is an unknown value


Stack: [0x000070000b9ec000,0x000070000baec000],  sp=0x000070000baeb240,  free space=1020k
Native frames: (J=compiled Java code, j=interpreted, Vv=VM code, C=native code)
V  [libjvm.dylib+0x1d0ee9]
V  [libjvm.dylib+0x1d0f10]
V  [libjvm.dylib+0x2742f2]
V  [libjvm.dylib+0x2729ef]
V  [libjvm.dylib+0x2725f4]
V  [libjvm.dylib+0x27219d]
V  [libjvm.dylib+0x274c16]
V  [libjvm.dylib+0x4894ad]
V  [libjvm.dylib+0x489df1]
V  [libjvm.dylib+0x48a71f]
V  [libjvm.dylib+0x2a4418]
V  [libjvm.dylib+0x453630]
V  [libjvm.dylib+0x39d4ab]
V  [libjvm.dylib+0x5b2648]
V  [libjvm.dylib+0x5b1be2]
V  [libjvm.dylib+0x5b163e]
V  [libjvm.dylib+0x5b1472]
V  [libjvm.dylib+0x48f359]
C  [libsystem_pthread.dylib+0x68fc]  _pthread_start+0xe0
C  [libsystem_pthread.dylib+0x2443]  thread_start+0xf

VM_Operation (0x000070000bffda98): GetOrSetLocal, mode: safepoint, requested by thread 0x00007fc204054800


---------------  P R O C E S S  ---------------

Java Threads: ( => current thread )
  0x00007fc205c99800 JavaThread "Keep-Alive-Timer" daemon [_thread_blocked, id=86051, stack(0x000070000dc55000,0x000070000dd55000)]
  0x00007fc20b628800 JavaThread "lettuce-eventExecutorLoop-1-8" daemon [_thread_blocked, id=46339, stack(0x000070000fcb5000,0x000070000fdb5000)]
  0x00007fc2044ca800 JavaThread "lettuce-eventExecutorLoop-1-7" daemon [_thread_blocked, id=46087, stack(0x000070000fbb2000,0x000070000fcb2000)]
  0x00007fc2038a0800 JavaThread "lettuce-eventExecutorLoop-1-6" daemon [_thread_blocked, id=85327, stack(0x000070000faaf000,0x000070000fbaf000)]
  0x00007fc203bf7800 JavaThread "lettuce-eventExecutorLoop-1-5" daemon [_thread_blocked, id=34567, stack(0x000070000f49d000,0x000070000f59d000)]
  0x00007fc20cbc9800 JavaThread "lettuce-eventExecutorLoop-1-4" daemon [_thread_blocked, id=45827, stack(0x000070000f9ac000,0x000070000faac000)]
  0x00007fc20b4bd000 JavaThread "lettuce-eventExecutorLoop-1-3" daemon [_thread_blocked, id=84227, stack(0x000070000f8a9000,0x000070000f9a9000)]
  0x00007fc20cbc8000 JavaThread "lettuce-eventExecutorLoop-1-2" daemon [_thread_blocked, id=45059, stack(0x000070000f7a6000,0x000070000f8a6000)]
  0x00007fc20e84b800 JavaThread "lettuce-eventExecutorLoop-1-1" daemon [_thread_blocked, id=84483, stack(0x000070000f6a3000,0x000070000f7a3000)]
  0x00007fc20af67800 JavaThread "lettuce-nioEventLoop-4-1" daemon [_thread_in_native, id=84995, stack(0x000070000f5a0000,0x000070000f6a0000)]
  0x00007fc20c0b8000 JavaThread "SessionValidationThread-1" daemon [_thread_blocked, id=85511, stack(0x000070000f39a000,0x000070000f49a000)]
  0x00007fc20d954800 JavaThread "DestroyJavaVM" [_thread_blocked, id=3331, stack(0x000070000b0d1000,0x000070000b1d1000)]
  0x00007fc20ce03000 JavaThread "http-nio-8081-Acceptor" daemon [_thread_in_native, id=86531, stack(0x000070000f194000,0x000070000f294000)]
  0x00007fc20ce06000 JavaThread "http-nio-8081-Poller" daemon [_thread_in_native, id=44035, stack(0x000070000f091000,0x000070000f191000)]
  0x00007fc20a434800 JavaThread "http-nio-8081-exec-10" daemon [_thread_blocked, id=43779, stack(0x000070000ef8e000,0x000070000f08e000)]
  0x00007fc2043b1000 JavaThread "http-nio-8081-exec-9" daemon [_thread_blocked, id=30723, stack(0x000070000ee8b000,0x000070000ef8b000)]
  0x00007fc2043b0000 JavaThread "http-nio-8081-exec-8" daemon [_thread_blocked, id=30467, stack(0x000070000ed88000,0x000070000ee88000)]
  0x00007fc20b4c7000 JavaThread "http-nio-8081-exec-7" daemon [_thread_blocked, id=31491, stack(0x000070000ec85000,0x000070000ed85000)]
  0x00007fc20a430800 JavaThread "http-nio-8081-exec-6" daemon [_thread_blocked, id=31747, stack(0x000070000eb82000,0x000070000ec82000)]
  0x00007fc20ac7d800 JavaThread "http-nio-8081-exec-5" daemon [_thread_blocked, id=29955, stack(0x000070000ea7f000,0x000070000eb7f000)]
  0x00007fc20b3d1800 JavaThread "http-nio-8081-exec-4" daemon [_thread_blocked, id=32515, stack(0x000070000e97c000,0x000070000ea7c000)]
  0x00007fc20ac79000 JavaThread "http-nio-8081-exec-3" daemon [_thread_blocked, id=29699, stack(0x000070000e879000,0x000070000e979000)]
  0x00007fc2047ed000 JavaThread "http-nio-8081-exec-2" daemon [_thread_blocked, id=33027, stack(0x000070000e776000,0x000070000e876000)]
  0x00007fc20cd7d000 JavaThread "http-nio-8081-exec-1" daemon [_thread_blocked, id=28931, stack(0x000070000e673000,0x000070000e773000)]
  0x00007fc20cd84000 JavaThread "File Watcher" daemon [_thread_blocked, id=35095, stack(0x000070000df5e000,0x000070000e05e000)]
  0x00007fc203d82000 JavaThread "Live Reload Server" daemon [_thread_in_native, id=33555, stack(0x000070000e570000,0x000070000e670000)]
  0x00007fc20caf4000 JavaThread "pool-4-thread-1" [_thread_blocked, id=28687, stack(0x000070000e46d000,0x000070000e56d000)]
  0x00007fc20c842800 JavaThread "lettuce-timer-3-1" daemon [_thread_blocked, id=27667, stack(0x000070000e36a000,0x000070000e46a000)]
  0x00007fc20a2de800 JavaThread "container-0" [_thread_blocked, id=35859, stack(0x000070000e267000,0x000070000e367000)]
  0x00007fc20c7c0000 JavaThread "Catalina-utility-2" [_thread_blocked, id=28431, stack(0x000070000e164000,0x000070000e264000)]
  0x00007fc20b2ee000 JavaThread "Catalina-utility-1" [_thread_blocked, id=28191, stack(0x000070000e061000,0x000070000e161000)]
  0x00007fc20aaed000 JavaThread "HikariPool-1 housekeeper" daemon [_thread_blocked, id=27443, stack(0x000070000de5b000,0x000070000df5b000)]
  0x00007fc205ba7800 JavaThread "mysql-cj-abandoned-connection-cleanup" daemon [_thread_blocked, id=24335, stack(0x000070000d15f000,0x000070000d25f000)]
  0x00007fc203ca7800 JavaThread "RMI Scheduler(0)" daemon [_thread_blocked, id=36099, stack(0x000070000dd58000,0x000070000de58000)]
  0x00007fc205c4e000 JavaThread "Attach Listener" daemon [_thread_blocked, id=36611, stack(0x000070000db52000,0x000070000dc52000)]
  0x00007fc202e3f000 JavaThread "RMI TCP Accept-0" daemon [_thread_in_native, id=14859, stack(0x000070000c613000,0x000070000c713000)]
  0x00007fc202e30000 JavaThread "rebel-messaging-executor-56" daemon [_thread_blocked, id=36867, stack(0x000070000d94c000,0x000070000da4c000)]
  0x00007fc2061eb000 JavaThread "Service Thread" daemon [_thread_blocked, id=25603, stack(0x000070000d849000,0x000070000d949000)]
  0x00007fc205aff000 JavaThread "C1 CompilerThread3" daemon [_thread_blocked, id=37635, stack(0x000070000d746000,0x000070000d846000)]
  0x00007fc205afe800 JavaThread "C2 CompilerThread2" daemon [_thread_blocked, id=38147, stack(0x000070000d643000,0x000070000d743000)]
  0x00007fc205afc800 JavaThread "C2 CompilerThread1" daemon [_thread_blocked, id=38659, stack(0x000070000d540000,0x000070000d640000)]
  0x00007fc204204800 JavaThread "C2 CompilerThread0" daemon [_thread_blocked, id=38915, stack(0x000070000d43d000,0x000070000d53d000)]
  0x00007fc203b17000 JavaThread "pool-3-thread-1" daemon [_thread_blocked, id=39687, stack(0x000070000d05c000,0x000070000d15c000)]
  0x00007fc205a50000 JavaThread "rebel-change-detector-thread" daemon [_thread_blocked, id=40967, stack(0x000070000cf59000,0x000070000d059000)]
  0x00007fc205a51800 JavaThread "rebel-debugger-thread" daemon [_thread_blocked, id=40711, stack(0x000070000ce56000,0x000070000cf56000)]
  0x00007fc203aff000 JavaThread "rebel-debugger-attach-notifier" daemon [_thread_blocked, id=22279, stack(0x000070000c91c000,0x000070000ca1c000)]
  0x00007fc205a49000 JavaThread "rebel-heartbeat-thread" daemon [_thread_blocked, id=42759, stack(0x000070000c819000,0x000070000c919000)]
  0x00007fc205a47800 JavaThread "rebel-redeploy-thread" daemon [_thread_blocked, id=21767, stack(0x000070000c716000,0x000070000c816000)]
  0x00007fc203afc000 JavaThread "rebel-leaseManager-1" daemon [_thread_blocked, id=42247, stack(0x000070000c510000,0x000070000c610000)]
  0x00007fc202bd5000 JavaThread "rebel-IDENotificationsImpl-PostCycle" daemon [_thread_blocked, id=42503, stack(0x000070000c40d000,0x000070000c50d000)]
  0x00007fc204180000 JavaThread "rebel-weak-reaper" daemon [_thread_blocked, id=43015, stack(0x000070000c30a000,0x000070000c40a000)]
  0x00007fc2050d4000 JavaThread "rebel-cache-writer" daemon [_thread_blocked, id=15367, stack(0x000070000c207000,0x000070000c307000)]
  0x00007fc202bc0800 JavaThread "rebel-fsnotify-OutputReader" daemon [_thread_in_native, id=23815, stack(0x000070000cd53000,0x000070000ce53000)]
  0x00007fc2040e9000 JavaThread "rebel-fsnotify-OutputReader" daemon [_thread_blocked, id=40199, stack(0x000070000cc50000,0x000070000cd50000)]
  0x00007fc2040e8000 JavaThread "rebel-fsnotify-ShutdownOnTermination" daemon [_thread_blocked, id=23303, stack(0x000070000cb4d000,0x000070000cc4d000)]
  0x00007fc202ba8800 JavaThread "process reaper" daemon [_thread_in_native, id=24583, stack(0x000070000cb22000,0x000070000cb4a000)]
  0x00007fc203254800 JavaThread "rebel-logger" daemon [_thread_blocked, id=24835, stack(0x000070000d33a000,0x000070000d43a000)]
  0x00007fc2031f9000 JavaThread "rebel-CacheKeepAlive" daemon [_thread_blocked, id=41731, stack(0x000070000ca1f000,0x000070000cb1f000)]
  0x00007fc20283b000 JavaThread "JDWP Command Reader" daemon [_thread_in_native, id=16131, stack(0x000070000c104000,0x000070000c204000)]
  0x00007fc204010000 JavaThread "JDWP Event Helper Thread" daemon [_thread_blocked, id=13827, stack(0x000070000c001000,0x000070000c101000)]
  0x00007fc204054800 JavaThread "JDWP Transport Listener: dt_socket" daemon [_thread_blocked, id=13575, stack(0x000070000befe000,0x000070000bffe000)]
  0x00007fc202816000 JavaThread "Signal Dispatcher" daemon [_thread_blocked, id=16899, stack(0x000070000bdfb000,0x000070000befb000)]
  0x00007fc20402d800 JavaThread "Finalizer" daemon [_thread_blocked, id=19715, stack(0x000070000bbf2000,0x000070000bcf2000)]
  0x00007fc20402a800 JavaThread "Reference Handler" daemon [_thread_blocked, id=12291, stack(0x000070000baef000,0x000070000bbef000)]

Other Threads:
=>0x00007fc204020000 VMThread [stack: 0x000070000b9ec000,0x000070000baec000] [id=11779]
  0x00007fc205c28000 WatcherThread [stack: 0x000070000da4f000,0x000070000db4f000] [id=17931]

VM state:at safepoint (normal execution)

VM Mutex/Monitor currently owned by a thread:  ([mutex/lock_event])
[0x00007fc2024088b0] Threads_lock - owner thread: 0x00007fc204020000

heap address: 0x00000006c0000000, size: 4096 MB, Compressed Oops mode: Zero based, Oop shift amount: 3
Narrow klass base: 0x0000000000000000, Narrow klass shift: 3
Compressed class space size: 1073741824 Address: 0x00000007c0000000

Heap:
 PSYoungGen      total 465920K, used 318177K [0x000000076ab00000, 0x0000000789b80000, 0x00000007c0000000)
  eden space 444928K, 69% used [0x000000076ab00000,0x000000077d79e580,0x0000000785d80000)
  from space 20992K, 49% used [0x0000000788700000,0x0000000789119f28,0x0000000789b80000)
  to   space 31744K, 0% used [0x0000000785d80000,0x0000000785d80000,0x0000000787c80000)
 ParOldGen       total 327168K, used 64613K [0x00000006c0000000, 0x00000006d3f80000, 0x000000076ab00000)
  object space 327168K, 19% used [0x00000006c0000000,0x00000006c3f19478,0x00000006d3f80000)
 Metaspace       used 108738K, capacity 114447K, committed 114600K, reserved 1150976K
  class space    used 13056K, capacity 13870K, committed 13992K, reserved 1048576K

Card table byte_map: [0x00000001129ce000,0x00000001131cf000] byte_map_base: 0x000000010f3ce000

Marking Bits: (ParMarkBitMap*) 0x0000000111f29768
 Begin Bits: [0x0000000128cd0000, 0x000000012ccd0000)
 End Bits:   [0x000000012ccd0000, 0x0000000130cd0000)

Polling page: 0x000000010d6cc000

CodeCache: size=245760Kb used=14000Kb max_used=24542Kb free=231759Kb
 bounds [0x0000000119cd0000, 0x000000011b4e0000, 0x0000000128cd0000]
 total_blobs=11233 nmethods=10526 adapters=627
 compilation: enabled

Compilation events (10 events):
Event: 528.906 Thread 0x00007fc205aff000 15581       1       com.zeroturnaround.javarebel.fqb::a (16 bytes)
Event: 528.907 Thread 0x00007fc205aff000 nmethod 15581 0x000000011a232550 code [0x000000011a2326c0, 0x000000011a2328c8]
Event: 528.907 Thread 0x00007fc205aff000 15560   !   1       org.apache.jackrabbit.oak.stats.TimeSeriesMax$MaxValue::getAndSetValue (36 bytes)
Event: 528.908 Thread 0x00007fc205aff000 nmethod 15560 0x000000011a308850 code [0x000000011a3089e0, 0x000000011a308dc8]
Event: 528.908 Thread 0x00007fc205aff000 15561       1       org.apache.jackrabbit.oak.stats.TimeSeriesMax$MaxValue::_jr$ig$value (8 bytes)
Event: 528.908 Thread 0x00007fc205aff000 nmethod 15561 0x000000011b04c010 code [0x000000011b04c160, 0x000000011b04c290]
Event: 528.908 Thread 0x00007fc205aff000 15562       1       org.apache.jackrabbit.oak.stats.TimeSeriesMax$MaxValue::_jr$ip$value (9 bytes)
Event: 528.908 Thread 0x00007fc205aff000 nmethod 15562 0x000000011b11a050 code [0x000000011b11a1a0, 0x000000011b11a2d0]
Event: 528.908 Thread 0x00007fc205aff000 15554       1       org.apache.tomcat.util.net.NioEndpoint$Poller::_jr$ip$keyCount (9 bytes)
Event: 528.908 Thread 0x00007fc205aff000 nmethod 15554 0x000000011b30f890 code [0x000000011b30f9e0, 0x000000011b30fb10]

GC Heap History (10 events):
Event: 16.678 GC heap before
{Heap before GC invocations=16 (full 3):
 PSYoungGen      total 344576K, used 344085K [0x000000076ab00000, 0x0000000781a00000, 0x00000007c0000000)
  eden space 319488K, 100% used [0x000000076ab00000,0x000000077e300000,0x000000077e300000)
  from space 25088K, 98% used [0x000000077ff80000,0x0000000781785618,0x0000000781800000)
  to   space 28160K, 0% used [0x000000077e300000,0x000000077e300000,0x000000077fe80000)
 ParOldGen       total 223744K, used 33609K [0x00000006c0000000, 0x00000006cda80000, 0x000000076ab00000)
  object space 223744K, 15% used [0x00000006c0000000,0x00000006c20d2610,0x00000006cda80000)
 Metaspace       used 86544K, capacity 91063K, committed 91304K, reserved 1128448K
  class space    used 10656K, capacity 11329K, committed 11432K, reserved 1048576K
Event: 16.706 GC heap after
Heap after GC invocations=16 (full 3):
 PSYoungGen      total 347648K, used 28151K [0x000000076ab00000, 0x0000000786e80000, 0x00000007c0000000)
  eden space 319488K, 0% used [0x000000076ab00000,0x000000076ab00000,0x000000077e300000)
  from space 28160K, 99% used [0x000000077e300000,0x000000077fe7dfa8,0x000000077fe80000)
  to   space 34304K, 0% used [0x0000000784d00000,0x0000000784d00000,0x0000000786e80000)
 ParOldGen       total 223744K, used 39195K [0x00000006c0000000, 0x00000006cda80000, 0x000000076ab00000)
  object space 223744K, 17% used [0x00000006c0000000,0x00000006c2646e50,0x00000006cda80000)
 Metaspace       used 86544K, capacity 91063K, committed 91304K, reserved 1128448K
  class space    used 10656K, capacity 11329K, committed 11432K, reserved 1048576K
}
Event: 28.761 GC heap before
{Heap before GC invocations=17 (full 3):
 PSYoungGen      total 347648K, used 216509K [0x000000076ab00000, 0x0000000786e80000, 0x00000007c0000000)
  eden space 319488K, 58% used [0x000000076ab00000,0x00000007762f1568,0x000000077e300000)
  from space 28160K, 99% used [0x000000077e300000,0x000000077fe7dfa8,0x000000077fe80000)
  to   space 34304K, 0% used [0x0000000784d00000,0x0000000784d00000,0x0000000786e80000)
 ParOldGen       total 223744K, used 39195K [0x00000006c0000000, 0x00000006cda80000, 0x000000076ab00000)
  object space 223744K, 17% used [0x00000006c0000000,0x00000006c2646e50,0x00000006cda80000)
 Metaspace       used 93531K, capacity 98533K, committed 98600K, reserved 1136640K
  class space    used 11551K, capacity 12315K, committed 12328K, reserved 1048576K
Event: 28.787 GC heap after
Heap after GC invocations=17 (full 3):
 PSYoungGen      total 406528K, used 20385K [0x000000076ab00000, 0x0000000786400000, 0x00000007c0000000)
  eden space 382976K, 0% used [0x000000076ab00000,0x000000076ab00000,0x0000000782100000)
  from space 23552K, 86% used [0x0000000784d00000,0x00000007860e8470,0x0000000786400000)
  to   space 34304K, 0% used [0x0000000782100000,0x0000000782100000,0x0000000784280000)
 ParOldGen       total 223744K, used 56463K [0x00000006c0000000, 0x00000006cda80000, 0x000000076ab00000)
  object space 223744K, 25% used [0x00000006c0000000,0x00000006c3723d60,0x00000006cda80000)
 Metaspace       used 93531K, capacity 98533K, committed 98600K, reserved 1136640K
  class space    used 11551K, capacity 12315K, committed 12328K, reserved 1048576K
}
Event: 28.787 GC heap before
{Heap before GC invocations=18 (full 4):
 PSYoungGen      total 406528K, used 20385K [0x000000076ab00000, 0x0000000786400000, 0x00000007c0000000)
  eden space 382976K, 0% used [0x000000076ab00000,0x000000076ab00000,0x0000000782100000)
  from space 23552K, 86% used [0x0000000784d00000,0x00000007860e8470,0x0000000786400000)
  to   space 34304K, 0% used [0x0000000782100000,0x0000000782100000,0x0000000784280000)
 ParOldGen       total 223744K, used 56463K [0x00000006c0000000, 0x00000006cda80000, 0x000000076ab00000)
  object space 223744K, 25% used [0x00000006c0000000,0x00000006c3723d60,0x00000006cda80000)
 Metaspace       used 93531K, capacity 98533K, committed 98600K, reserved 1136640K
  class space    used 11551K, capacity 12315K, committed 12328K, reserved 1048576K
Event: 28.955 GC heap after
Heap after GC invocations=18 (full 4):
 PSYoungGen      total 406528K, used 0K [0x000000076ab00000, 0x0000000786400000, 0x00000007c0000000)
  eden space 382976K, 0% used [0x000000076ab00000,0x000000076ab00000,0x0000000782100000)
  from space 23552K, 0% used [0x0000000784d00000,0x0000000784d00000,0x0000000786400000)
  to   space 34304K, 0% used [0x0000000782100000,0x0000000782100000,0x0000000784280000)
 ParOldGen       total 327168K, used 64597K [0x00000006c0000000, 0x00000006d3f80000, 0x000000076ab00000)
  object space 327168K, 19% used [0x00000006c0000000,0x00000006c3f15478,0x00000006d3f80000)
 Metaspace       used 93531K, capacity 98533K, committed 98600K, reserved 1136640K
  class space    used 11551K, capacity 12315K, committed 12328K, reserved 1048576K
}
Event: 38.919 GC heap before
{Heap before GC invocations=19 (full 4):
 PSYoungGen      total 406528K, used 382976K [0x000000076ab00000, 0x0000000786400000, 0x00000007c0000000)
  eden space 382976K, 100% used [0x000000076ab00000,0x0000000782100000,0x0000000782100000)
  from space 23552K, 0% used [0x0000000784d00000,0x0000000784d00000,0x0000000786400000)
  to   space 34304K, 0% used [0x0000000782100000,0x0000000782100000,0x0000000784280000)
 ParOldGen       total 327168K, used 64597K [0x00000006c0000000, 0x00000006d3f80000, 0x000000076ab00000)
  object space 327168K, 19% used [0x00000006c0000000,0x00000006c3f15478,0x00000006d3f80000)
 Metaspace       used 106745K, capacity 112147K, committed 112296K, reserved 1148928K
  class space    used 12869K, capacity 13658K, committed 13736K, reserved 1048576K
Event: 38.935 GC heap after
Heap after GC invocations=19 (full 4):
 PSYoungGen      total 417280K, used 16250K [0x000000076ab00000, 0x000000078a680000, 0x00000007c0000000)
  eden space 382976K, 0% used [0x000000076ab00000,0x000000076ab00000,0x0000000782100000)
  from space 34304K, 47% used [0x0000000782100000,0x00000007830deb30,0x0000000784280000)
  to   space 32256K, 0% used [0x0000000788700000,0x0000000788700000,0x000000078a680000)
 ParOldGen       total 327168K, used 64605K [0x00000006c0000000, 0x00000006d3f80000, 0x000000076ab00000)
  object space 327168K, 19% used [0x00000006c0000000,0x00000006c3f17478,0x00000006d3f80000)
 Metaspace       used 106745K, capacity 112147K, committed 112296K, reserved 1148928K
  class space    used 12869K, capacity 13658K, committed 13736K, reserved 1048576K
}
Event: 43.981 GC heap before
{Heap before GC invocations=20 (full 4):
 PSYoungGen      total 417280K, used 399226K [0x000000076ab00000, 0x000000078a680000, 0x00000007c0000000)
  eden space 382976K, 100% used [0x000000076ab00000,0x0000000782100000,0x0000000782100000)
  from space 34304K, 47% used [0x0000000782100000,0x00000007830deb30,0x0000000784280000)
  to   space 32256K, 0% used [0x0000000788700000,0x0000000788700000,0x000000078a680000)
 ParOldGen       total 327168K, used 64605K [0x00000006c0000000, 0x00000006d3f80000, 0x000000076ab00000)
  object space 327168K, 19% used [0x00000006c0000000,0x00000006c3f17478,0x00000006d3f80000)
 Metaspace       used 106969K, capacity 112473K, committed 112552K, reserved 1148928K
  class space    used 12888K, capacity 13691K, committed 13736K, reserved 1048576K
Event: 43.991 GC heap after
Heap after GC invocations=20 (full 4):
 PSYoungGen      total 465920K, used 10343K [0x000000076ab00000, 0x0000000789b80000, 0x00000007c0000000)
  eden space 444928K, 0% used [0x000000076ab00000,0x000000076ab00000,0x0000000785d80000)
  from space 20992K, 49% used [0x0000000788700000,0x0000000789119f28,0x0000000789b80000)
  to   space 31744K, 0% used [0x0000000785d80000,0x0000000785d80000,0x0000000787c80000)
 ParOldGen       total 327168K, used 64613K [0x00000006c0000000, 0x00000006d3f80000, 0x000000076ab00000)
  object space 327168K, 19% used [0x00000006c0000000,0x00000006c3f19478,0x00000006d3f80000)
 Metaspace       used 106969K, capacity 112473K, committed 112552K, reserved 1148928K
  class space    used 12888K, capacity 13691K, committed 13736K, reserved 1048576K
}

Deoptimization events (0 events):
No events

Classes redefined (10 events):
Event: 503.401 Thread 0x00007fc204020000 redefined class name=com.zeroturnaround.jrebelbase.facade.aw, count=2
Event: 503.448 Thread 0x00007fc204020000 redefined class name=com.zeroturnaround.jrebelbase.facade.a, count=2
Event: 503.495 Thread 0x00007fc204020000 redefined class name=com.zeroturnaround.jrebelbase.d, count=2
Event: 503.526 Thread 0x00007fc204020000 redefined class name=com.zeroturnaround.jrebelbase.facade.f, count=2
Event: 503.555 Thread 0x00007fc204020000 redefined class name=com.zeroturnaround.jrebelbase.facade.e, count=2
Event: 503.585 Thread 0x00007fc204020000 redefined class name=com.zeroturnaround.jrebelbase.facade.g, count=2
Event: 503.635 Thread 0x00007fc204020000 redefined class name=com.zeroturnaround.jrebelbase.facade.af, count=2
Event: 503.979 Thread 0x00007fc204020000 redefined class name=java.util.function.Consumer, count=1
Event: 504.009 Thread 0x00007fc204020000 redefined class name=com.graduation.repo.adapter.GiteeAdapter, count=2
Event: 504.038 Thread 0x00007fc204020000 redefined class name=com.graduation.jcr.api.Jcr, count=1

Internal exceptions (10 events):
Event: 99.065 Thread 0x00007fc2047ed000 Exception <a 'java/lang/reflect/InvocationTargetException'> (0x000000077161bc98) thrown at [/jenkins/workspace/8-2-build-macosx-x86_64/jdk8u271/605/hotspot/src/share/vm/runtime/reflection.cpp, line 1092]
Event: 104.789 Thread 0x00007fc2047ed000 Exception <a 'java/lang/ArrayIndexOutOfBoundsException'> (0x0000000771a6a7b0) thrown at [/jenkins/workspace/8-2-build-macosx-x86_64/jdk8u271/605/hotspot/src/share/vm/runtime/sharedRuntime.cpp, line 609]
Event: 203.417 Thread 0x00007fc20a434800 Exception <a 'java/lang/reflect/InvocationTargetException'> (0x0000000774af02c8) thrown at [/jenkins/workspace/8-2-build-macosx-x86_64/jdk8u271/605/hotspot/src/share/vm/runtime/reflection.cpp, line 1092]
Event: 400.640 Thread 0x00007fc20a430800 Exception <a 'java/lang/reflect/InvocationTargetException'> (0x00000007770a5f50) thrown at [/jenkins/workspace/8-2-build-macosx-x86_64/jdk8u271/605/hotspot/src/share/vm/runtime/reflection.cpp, line 1092]
Event: 504.066 Thread 0x00007fc205a50000 Exception <a 'java/lang/ClassNotFoundException': com/ibm/rmi/io/ObjectStreamClass$ObjectStreamClassCache$ClassToOSCCache> (0x0000000779e1dfb8) thrown at [/jenkins/workspace/8-2-build-macosx-x86_64/jdk8u271/605/hotspot/src/share/vm/classfile/systemDictiona
Event: 510.646 Thread 0x00007fc20a434800 Exception <a 'java/lang/ClassNotFoundException': java/lang/ObjectCustomizer> (0x000000077c631e78) thrown at [/jenkins/workspace/8-2-build-macosx-x86_64/jdk8u271/605/hotspot/src/share/vm/classfile/systemDictionary.cpp, line 212]
Event: 510.646 Thread 0x00007fc20a434800 Exception <a 'java/lang/ArrayIndexOutOfBoundsException'> (0x000000077c6353f8) thrown at [/jenkins/workspace/8-2-build-macosx-x86_64/jdk8u271/605/hotspot/src/share/vm/runtime/sharedRuntime.cpp, line 609]
Event: 510.647 Thread 0x00007fc20a434800 Exception <a 'java/lang/ClassNotFoundException': com/graduation/model/pojo/UserCustomizer> (0x000000077c663540) thrown at [/jenkins/workspace/8-2-build-macosx-x86_64/jdk8u271/605/hotspot/src/share/vm/classfile/systemDictionary.cpp, line 212]
Event: 510.680 Thread 0x00007fc20cd7d000 Exception <a 'java/lang/ClassNotFoundException': java/lang/ObjectCustomizer> (0x000000076cdec538) thrown at [/jenkins/workspace/8-2-build-macosx-x86_64/jdk8u271/605/hotspot/src/share/vm/classfile/systemDictionary.cpp, line 212]
Event: 510.682 Thread 0x00007fc20cd7d000 Exception <a 'java/lang/ClassNotFoundException': com/graduation/model/dto/gitee/request/AllRepoDtoCustomizer> (0x000000077c6e0fb0) thrown at [/jenkins/workspace/8-2-build-macosx-x86_64/jdk8u271/605/hotspot/src/share/vm/classfile/systemDictionary.cpp, line

Events (10 events):
Event: 528.895 loading class java/time/format/DateTimePrintContext done
Event: 528.896 loading class java/time/Instant$1
Event: 528.899 loading class java/time/Instant$1 done
Event: 528.900 Executing VM operation: ForceSafepoint
Event: 528.900 Executing VM operation: ForceSafepoint done
Event: 528.905 Executing VM operation: ChangeBreakpoints
Event: 528.906 Executing VM operation: ChangeBreakpoints done
Event: 528.906 Executing VM operation: ChangeBreakpoints
Event: 528.906 Executing VM operation: ChangeBreakpoints done
Event: 528.909 Executing VM operation: GetOrSetLocal


Dynamic libraries:
0x00007fff34ee4000 	/System/Library/Frameworks/Cocoa.framework/Versions/A/Cocoa
0x00007fff2222e000 	/System/Library/Frameworks/Security.framework/Versions/A/Security
0x00007fff330ec000 	/System/Library/Frameworks/ApplicationServices.framework/Versions/A/ApplicationServices
0x00007fff2a4b0000 	/usr/lib/libz.1.dylib
0x00007fff2a578000 	/usr/lib/libSystem.B.dylib
0x00007fff20417000 	/System/Library/Frameworks/CoreFoundation.framework/Versions/A/CoreFoundation
0x00007fff211c6000 	/System/Library/Frameworks/Foundation.framework/Versions/C/Foundation
0x00007fff20237000 	/usr/lib/libobjc.A.dylib
0x00007fff22c5f000 	/System/Library/Frameworks/AppKit.framework/Versions/C/AppKit
0x00007fff25b23000 	/System/Library/Frameworks/CoreData.framework/Versions/A/CoreData
0x00007fff239ab000 	/System/Library/PrivateFrameworks/UIFoundation.framework/Versions/A/UIFoundation
0x00007fff2fba6000 	/System/Library/PrivateFrameworks/RemoteViewServices.framework/Versions/A/RemoteViewServices
0x00007fff289bc000 	/System/Library/PrivateFrameworks/XCTTargetBootstrap.framework/Versions/A/XCTTargetBootstrap
0x00007fff2b6a2000 	/usr/lib/libspindump.dylib
0x00007fff23bfa000 	/System/Library/Frameworks/UniformTypeIdentifiers.framework/Versions/A/UniformTypeIdentifiers
0x00007fff271c0000 	/usr/lib/libapp_launch_measurement.dylib
0x00007fff271c3000 	/System/Library/PrivateFrameworks/CoreAutoLayout.framework/Versions/A/CoreAutoLayout
0x00007fff28323000 	/System/Library/Frameworks/Metal.framework/Versions/A/Metal
0x00007fff29019000 	/usr/lib/liblangid.dylib
0x00007fff289c0000 	/System/Library/PrivateFrameworks/CoreSVG.framework/Versions/A/CoreSVG
0x00007fff24c3a000 	/System/Library/PrivateFrameworks/SkyLight.framework/Versions/A/SkyLight
0x00007fff24fa0000 	/System/Library/Frameworks/CoreGraphics.framework/Versions/A/CoreGraphics
0x00007fff300cd000 	/System/Library/Frameworks/Accelerate.framework/Versions/A/Accelerate
0x00007fff2b0e0000 	/System/Library/PrivateFrameworks/IconServices.framework/Versions/A/IconServices
0x00007fff28307000 	/System/Library/Frameworks/IOSurface.framework/Versions/A/IOSurface
0x00007fff264ab000 	/usr/lib/libDiagnosticMessagesClient.dylib
0x00007fff289a8000 	/System/Library/PrivateFrameworks/DFRFoundation.framework/Versions/A/DFRFoundation
0x00007fff22586000 	/usr/lib/libicucore.A.dylib
0x00007fff2cbe5000 	/System/Library/Frameworks/AudioToolbox.framework/Versions/A/AudioToolbox
0x00007fff2be6d000 	/System/Library/PrivateFrameworks/DataDetectorsCore.framework/Versions/A/DataDetectorsCore
0x00007fff24bad000 	/usr/lib/libMobileGestalt.dylib
0x00007fff286ac000 	/System/Library/Frameworks/Carbon.framework/Versions/A/Frameworks/HIToolbox.framework/Versions/A/HIToolbox
0x00007fff26c05000 	/System/Library/Frameworks/QuartzCore.framework/Versions/A/QuartzCore
0x00007fff2fbde000 	/System/Library/Frameworks/Carbon.framework/Versions/A/Frameworks/SpeechRecognition.framework/Versions/A/SpeechRecognition
0x00007fff26f25000 	/System/Library/PrivateFrameworks/CoreUI.framework/Versions/A/CoreUI
0x00007fff21b9c000 	/System/Library/Frameworks/CoreAudio.framework/Versions/A/CoreAudio
0x00007fff26596000 	/System/Library/Frameworks/DiskArbitration.framework/Versions/A/DiskArbitration
0x00007fff2ba70000 	/System/Library/PrivateFrameworks/MultitouchSupport.framework/Versions/A/MultitouchSupport
0x00007fff2be64000 	/System/Library/PrivateFrameworks/InternationalSupport.framework/Versions/A/InternationalSupport
0x00007fff24bac000 	/usr/lib/libenergytrace.dylib
0x00007fff22b56000 	/System/Library/Frameworks/IOKit.framework/Versions/A/IOKit
0x00007fff2ff11000 	/System/Library/Frameworks/CoreServices.framework/Versions/A/CoreServices
0x00007fff27152000 	/System/Library/PrivateFrameworks/PerformanceAnalysis.framework/Versions/A/PerformanceAnalysis
0x00007fff6ba7e000 	/System/Library/Frameworks/OpenGL.framework/Versions/A/OpenGL
0x00007fff2bee8000 	/System/Library/PrivateFrameworks/UserActivity.framework/Versions/A/UserActivity
0x00007fff2562a000 	/System/Library/Frameworks/ColorSync.framework/Versions/A/ColorSync
0x00007fff28c27000 	/System/Library/Frameworks/CoreImage.framework/Versions/A/CoreImage
0x00007fff219b6000 	/System/Library/Frameworks/CoreText.framework/Versions/A/CoreText
0x00007fff289ea000 	/System/Library/Frameworks/ImageIO.framework/Versions/A/ImageIO
0x00007fff2a57e000 	/System/Library/PrivateFrameworks/SoftLinking.framework/Versions/A/SoftLinking
0x00007fff2720b000 	/usr/lib/libxml2.2.dylib
0x00007fff202fd000 	/usr/lib/libc++.1.dylib
0x00007fff2a7ef000 	/usr/lib/libcompression.dylib
0x00007fff2bd96000 	/System/Library/PrivateFrameworks/TextureIO.framework/Versions/A/TextureIO
0x00007fff2ae1e000 	/usr/lib/libate.dylib
0x00007fff2a572000 	/usr/lib/system/libcache.dylib
0x00007fff2a52e000 	/usr/lib/system/libcommonCrypto.dylib
0x00007fff2a558000 	/usr/lib/system/libcompiler_rt.dylib
0x00007fff2a54d000 	/usr/lib/system/libcopyfile.dylib
0x00007fff20127000 	/usr/lib/system/libcorecrypto.dylib
0x00007fff201f2000 	/usr/lib/system/libdispatch.dylib
0x00007fff203a5000 	/usr/lib/system/libdyld.dylib
0x00007fff2a569000 	/usr/lib/system/libkeymgr.dylib
0x00007fff2d97c000 	/usr/lib/system/liblaunch.dylib
0x00007fff2a50c000 	/usr/lib/system/libmacho.dylib
0x00007fff29d04000 	/usr/lib/system/libquarantine.dylib
0x00007fff2a566000 	/usr/lib/system/libremovefile.dylib
0x00007fff24c0a000 	/usr/lib/system/libsystem_asl.dylib
0x00007fff200d7000 	/usr/lib/system/libsystem_blocks.dylib
0x00007fff20274000 	/usr/lib/system/libsystem_c.dylib
0x00007fff2a560000 	/usr/lib/system/libsystem_collections.dylib
0x00007fff2900a000 	/usr/lib/system/libsystem_configuration.dylib
0x00007fff282f6000 	/usr/lib/system/libsystem_containermanager.dylib
0x00007fff2a2af000 	/usr/lib/system/libsystem_coreservices.dylib
0x00007fff227e6000 	/usr/lib/system/libsystem_darwin.dylib
0x00007fff2a56a000 	/usr/lib/system/libsystem_dnssd.dylib
0x00007fff20271000 	/usr/lib/system/libsystem_featureflags.dylib
0x00007fff203eb000 	/usr/lib/system/libsystem_info.dylib
0x00007fff2a4c3000 	/usr/lib/system/libsystem_m.dylib
0x00007fff201c5000 	/usr/lib/system/libsystem_malloc.dylib
0x00007fff24b9d000 	/usr/lib/system/libsystem_networkextension.dylib
0x00007fff22c05000 	/usr/lib/system/libsystem_notify.dylib
0x00007fff2fe13000 	/usr/lib/system/libsystem_product_info_filter.dylib
0x00007fff2900e000 	/usr/lib/system/libsystem_sandbox.dylib
0x00007fff2a563000 	/usr/lib/system/libsystem_secinit.dylib
0x00007fff20369000 	/usr/lib/system/libsystem_kernel.dylib
0x00007fff203e1000 	/usr/lib/system/libsystem_platform.dylib
0x00007fff20399000 	/usr/lib/system/libsystem_pthread.dylib
0x00007fff262e7000 	/usr/lib/system/libsystem_symptoms.dylib
0x00007fff2010f000 	/usr/lib/system/libsystem_trace.dylib
0x00007fff2a53a000 	/usr/lib/system/libunwind.dylib
0x00007fff200d9000 	/usr/lib/system/libxpc.dylib
0x00007fff20353000 	/usr/lib/libc++abi.dylib
0x00007fff2a545000 	/usr/lib/liboah.dylib
0x00007fff2ac03000 	/usr/lib/liblzma.5.dylib
0x00007fff20eda000 	/System/Library/Frameworks/SystemConfiguration.framework/Versions/A/SystemConfiguration
0x00007fff2a57a000 	/usr/lib/libfakelink.dylib
0x00007fff246fe000 	/System/Library/Frameworks/CFNetwork.framework/Versions/A/CFNetwork
0x00007fff2a6ba000 	/usr/lib/libarchive.2.dylib
0x00007fff20f58000 	/usr/lib/libCRFSuite.dylib
0x00007fff29d2b000 	/usr/lib/libbsm.0.dylib
0x00007fff24077000 	/usr/lib/libnetwork.dylib
0x00007fff2a57f000 	/usr/lib/libpcap.A.dylib
0x00007fff262e0000 	/usr/lib/libdns_services.dylib
0x00007fff2ac1c000 	/usr/lib/libcoretls_cfhelpers.dylib
0x00007fff2a7b9000 	/usr/lib/libapple_nghttp2.dylib
0x00007fff2a512000 	/usr/lib/system/libkxld.dylib
0x00007fff25f59000 	/usr/lib/libsqlite3.dylib
0x00007fff2a292000 	/System/Library/PrivateFrameworks/AppleFSCompression.framework/Versions/A/AppleFSCompression
0x00007fff29d13000 	/usr/lib/libcoretls.dylib
0x00007fff2a7ea000 	/usr/lib/libpam.2.dylib
0x00007fff2ad1a000 	/usr/lib/libxar.1.dylib
0x00007fff29015000 	/System/Library/PrivateFrameworks/AppleSystemInfo.framework/Versions/A/AppleSystemInfo
0x00007fff29955000 	/System/Library/PrivateFrameworks/IOMobileFramebuffer.framework/Versions/A/IOMobileFramebuffer
0x00007fff2a2a2000 	/usr/lib/libbz2.1.0.dylib
0x00007fff2a5b7000 	/usr/lib/libiconv.2.dylib
0x00007fff2a50b000 	/usr/lib/libcharset.1.dylib
0x00007fff2718e000 	/System/Library/Frameworks/CoreServices.framework/Versions/A/Frameworks/FSEvents.framework/Versions/A/FSEvents
0x00007fff227f0000 	/System/Library/Frameworks/CoreServices.framework/Versions/A/Frameworks/CarbonCore.framework/Versions/A/CarbonCore
0x00007fff264fb000 	/System/Library/Frameworks/CoreServices.framework/Versions/A/Frameworks/Metadata.framework/Versions/A/Metadata
0x00007fff2a2b4000 	/System/Library/Frameworks/CoreServices.framework/Versions/A/Frameworks/OSServices.framework/Versions/A/OSServices
0x00007fff2a72c000 	/System/Library/Frameworks/CoreServices.framework/Versions/A/Frameworks/SearchKit.framework/Versions/A/SearchKit
0x00007fff2626b000 	/System/Library/Frameworks/CoreServices.framework/Versions/A/Frameworks/AE.framework/Versions/A/AE
0x00007fff208b5000 	/System/Library/Frameworks/CoreServices.framework/Versions/A/Frameworks/LaunchServices.framework/Versions/A/LaunchServices
0x00007fff2abb3000 	/System/Library/Frameworks/CoreServices.framework/Versions/A/Frameworks/DictionaryServices.framework/Versions/A/DictionaryServices
0x00007fff2719b000 	/System/Library/Frameworks/CoreServices.framework/Versions/A/Frameworks/SharedFileList.framework/Versions/A/SharedFileList
0x00007fff29d07000 	/usr/lib/libCheckFix.dylib
0x00007fff24c21000 	/System/Library/PrivateFrameworks/TCC.framework/Versions/A/TCC
0x00007fff2901b000 	/System/Library/PrivateFrameworks/CoreNLP.framework/Versions/A/CoreNLP
0x00007fff264ae000 	/System/Library/PrivateFrameworks/MetadataUtilities.framework/Versions/A/MetadataUtilities
0x00007fff20f8d000 	/usr/lib/libmecabra.dylib
0x00007fff2a011000 	/System/Library/Frameworks/MLCompute.framework/Versions/A/MLCompute
0x00007fff29d3c000 	/usr/lib/libmecab.dylib
0x00007fff29d86000 	/usr/lib/libgermantok.dylib
0x00007fff2a794000 	/usr/lib/libThaiTokenizer.dylib
0x00007fff2ad55000 	/usr/lib/libChineseTokenizer.dylib
0x00007fff2a7e8000 	/System/Library/Frameworks/MetalPerformanceShaders.framework/Versions/A/MetalPerformanceShaders
0x00007fff2659d000 	/System/Library/Frameworks/Accelerate.framework/Versions/A/Frameworks/vImage.framework/Versions/A/vImage
0x00007fff2feeb000 	/System/Library/Frameworks/Accelerate.framework/Versions/A/Frameworks/vecLib.framework/Versions/A/vecLib
0x00007fff2ad60000 	/System/Library/Frameworks/Accelerate.framework/Versions/A/Frameworks/vecLib.framework/Versions/A/libvMisc.dylib
0x00007fff29770000 	/System/Library/Frameworks/Accelerate.framework/Versions/A/Frameworks/vecLib.framework/Versions/A/libvDSP.dylib
0x00007fff20bc0000 	/System/Library/Frameworks/Accelerate.framework/Versions/A/Frameworks/vecLib.framework/Versions/A/libBLAS.dylib
0x00007fff2a815000 	/System/Library/Frameworks/Accelerate.framework/Versions/A/Frameworks/vecLib.framework/Versions/A/libLAPACK.dylib
0x00007fff29d8c000 	/System/Library/Frameworks/Accelerate.framework/Versions/A/Frameworks/vecLib.framework/Versions/A/libLinearAlgebra.dylib
0x00007fff2a7d1000 	/System/Library/Frameworks/Accelerate.framework/Versions/A/Frameworks/vecLib.framework/Versions/A/libSparseBLAS.dylib
0x00007fff2a80f000 	/System/Library/Frameworks/Accelerate.framework/Versions/A/Frameworks/vecLib.framework/Versions/A/libQuadrature.dylib
0x00007fff290c7000 	/System/Library/Frameworks/Accelerate.framework/Versions/A/Frameworks/vecLib.framework/Versions/A/libBNNS.dylib
0x00007fff20e6b000 	/System/Library/Frameworks/Accelerate.framework/Versions/A/Frameworks/vecLib.framework/Versions/A/libSparse.dylib
0x00007fff28fa3000 	/System/Library/Frameworks/MetalPerformanceShaders.framework/Versions/A/Frameworks/MPSCore.framework/Versions/A/MPSCore
0x00007fff2a201000 	/System/Library/Frameworks/MetalPerformanceShaders.framework/Versions/A/Frameworks/MPSImage.framework/Versions/A/MPSImage
0x00007fff29da2000 	/System/Library/Frameworks/MetalPerformanceShaders.framework/Versions/A/Frameworks/MPSNeuralNetwork.framework/Versions/A/MPSNeuralNetwork
0x00007fff2a173000 	/System/Library/Frameworks/MetalPerformanceShaders.framework/Versions/A/Frameworks/MPSMatrix.framework/Versions/A/MPSMatrix
0x00007fff29fc1000 	/System/Library/Frameworks/MetalPerformanceShaders.framework/Versions/A/Frameworks/MPSRayIntersector.framework/Versions/A/MPSRayIntersector
0x00007fff2a1aa000 	/System/Library/Frameworks/MetalPerformanceShaders.framework/Versions/A/Frameworks/MPSNDArray.framework/Versions/A/MPSNDArray
0x00007fff20aeb000 	/System/Library/PrivateFrameworks/MetalTools.framework/Versions/A/MetalTools
0x00007fff29013000 	/System/Library/PrivateFrameworks/AggregateDictionary.framework/Versions/A/AggregateDictionary
0x00007fff2647b000 	/System/Library/PrivateFrameworks/CoreAnalytics.framework/Versions/A/CoreAnalytics
0x00007fff2a796000 	/System/Library/PrivateFrameworks/AppleSauce.framework/Versions/A/AppleSauce
0x00007fff28319000 	/System/Library/PrivateFrameworks/IOAccelerator.framework/Versions/A/IOAccelerator
0x00007fff6ba72000 	/System/Library/Frameworks/OpenGL.framework/Versions/A/Libraries/libCoreFSCache.dylib
0x00007fff21525000 	/System/Library/PrivateFrameworks/LanguageModeling.framework/Versions/A/LanguageModeling
0x00007fff29943000 	/System/Library/PrivateFrameworks/CoreEmoji.framework/Versions/A/CoreEmoji
0x00007fff290c0000 	/System/Library/PrivateFrameworks/LinguisticData.framework/Versions/A/LinguisticData
0x00007fff20e1d000 	/System/Library/PrivateFrameworks/Lexicon.framework/Versions/A/Lexicon
0x00007fff2a6a8000 	/usr/lib/libcmph.dylib
0x00007fff2716e000 	/System/Library/Frameworks/OpenDirectory.framework/Versions/A/Frameworks/CFOpenDirectory.framework/Versions/A/CFOpenDirectory
0x00007fff2715e000 	/System/Library/Frameworks/OpenDirectory.framework/Versions/A/OpenDirectory
0x00007fff2ac1e000 	/System/Library/PrivateFrameworks/APFS.framework/Versions/A/APFS
0x00007fff29c69000 	/System/Library/Frameworks/SecurityFoundation.framework/Versions/A/SecurityFoundation
0x00007fff2ad28000 	/usr/lib/libutil.dylib
0x00007fff22b1b000 	/System/Library/PrivateFrameworks/CoreServicesStore.framework/Versions/A/CoreServicesStore
0x00007fff29cff000 	/System/Library/Frameworks/ServiceManagement.framework/Versions/A/ServiceManagement
0x00007fff2ad2c000 	/usr/lib/libxslt.1.dylib
0x00007fff29cf5000 	/System/Library/PrivateFrameworks/BackgroundTaskManagement.framework/Versions/A/BackgroundTaskManagement
0x00007fff2bce0000 	/System/Library/Frameworks/ImageIO.framework/Versions/A/Resources/libRadiance.dylib
0x00007fff2bcea000 	/System/Library/Frameworks/ImageIO.framework/Versions/A/Resources/libJPEG.dylib
0x00007fff2bc3a000 	/System/Library/Frameworks/ImageIO.framework/Versions/A/Resources/libPng.dylib
0x00007fff2bc5b000 	/System/Library/Frameworks/ImageIO.framework/Versions/A/Resources/libTIFF.dylib
0x00007fff2bd3f000 	/System/Library/Frameworks/ImageIO.framework/Versions/A/Resources/libGIF.dylib
0x00007fff2b98c000 	/System/Library/Frameworks/ImageIO.framework/Versions/A/Resources/libJP2.dylib
0x00007fff2b0a7000 	/usr/lib/libexpat.1.dylib
0x00007fff2b942000 	/System/Library/PrivateFrameworks/AppleJPEG.framework/Versions/A/AppleJPEG
0x00007fff2854f000 	/System/Library/PrivateFrameworks/FontServices.framework/libFontParser.dylib
0x00007fff26222000 	/System/Library/PrivateFrameworks/RunningBoardServices.framework/Versions/A/RunningBoardServices
0x00007fff2ba6c000 	/System/Library/PrivateFrameworks/WatchdogClient.framework/Versions/A/WatchdogClient
0x00007fff2160e000 	/System/Library/Frameworks/CoreDisplay.framework/Versions/A/CoreDisplay
0x00007fff28464000 	/System/Library/Frameworks/CoreMedia.framework/Versions/A/CoreMedia
0x00007fff272ee000 	/System/Library/Frameworks/CoreVideo.framework/Versions/A/CoreVideo
0x00007fff2baa7000 	/System/Library/Frameworks/VideoToolbox.framework/Versions/A/VideoToolbox
0x00007fff261a2000 	/System/Library/PrivateFrameworks/BaseBoard.framework/Versions/A/BaseBoard
0x00007fff2b1ec000 	/System/Library/PrivateFrameworks/PersistentConnection.framework/Versions/A/PersistentConnection
0x00007fff25f43000 	/System/Library/PrivateFrameworks/ProtocolBuffer.framework/Versions/A/ProtocolBuffer
0x00007fff2618a000 	/System/Library/PrivateFrameworks/CommonUtilities.framework/Versions/A/CommonUtilities
0x00007fff2b905000 	/System/Library/PrivateFrameworks/Bom.framework/Versions/A/Bom
0x00007fff2bcd8000 	/System/Library/PrivateFrameworks/GPUWrangler.framework/Versions/A/GPUWrangler
0x00007fff2bcbb000 	/System/Library/PrivateFrameworks/IOPresentment.framework/Versions/A/IOPresentment
0x00007fff2bce4000 	/System/Library/PrivateFrameworks/DSExternalDisplay.framework/Versions/A/DSExternalDisplay
0x00007fff2bd44000 	/System/Library/PrivateFrameworks/CMCaptureCore.framework/Versions/A/CMCaptureCore
0x00007fff2b688000 	/System/Library/PrivateFrameworks/AppServerSupport.framework/Versions/A/AppServerSupport
0x00007fff2d71f000 	/System/Library/PrivateFrameworks/perfdata.framework/Versions/A/perfdata
0x00007fff29c58000 	/System/Library/PrivateFrameworks/AssertionServices.framework/Versions/A/AssertionServices
0x00007fff21745000 	/System/Library/PrivateFrameworks/AudioToolboxCore.framework/Versions/A/AudioToolboxCore
0x00007fff28447000 	/System/Library/PrivateFrameworks/caulk.framework/Versions/A/caulk
0x00007fff3cbcb000 	/System/Library/PrivateFrameworks/SystemPolicy.framework/Versions/A/SystemPolicy
0x00007fff2aeb6000 	/usr/lib/libIOReport.dylib
0x00007fff2cf5b000 	/usr/lib/libSMC.dylib
0x00007fff2bc06000 	/usr/lib/libAudioToolboxUtility.dylib
0x00007fff3d528000 	/usr/lib/libmis.dylib
0x00007fff6bace000 	/System/Library/Frameworks/OpenGL.framework/Versions/A/Libraries/libGLU.dylib
0x00007fff6ba91000 	/System/Library/Frameworks/OpenGL.framework/Versions/A/Libraries/libGFXShared.dylib
0x00007fff6bc9f000 	/System/Library/Frameworks/OpenGL.framework/Versions/A/Libraries/libGL.dylib
0x00007fff6ba9a000 	/System/Library/Frameworks/OpenGL.framework/Versions/A/Libraries/libGLImage.dylib
0x00007fff6ba8e000 	/System/Library/Frameworks/OpenGL.framework/Versions/A/Libraries/libCVMSPluginSupport.dylib
0x00007fff6ba79000 	/System/Library/Frameworks/OpenGL.framework/Versions/A/Libraries/libCoreVMClient.dylib
0x00007fff6d0e9000 	/System/Library/Frameworks/OpenCL.framework/Versions/A/OpenCL
0x00007fff2b215000 	/System/Library/PrivateFrameworks/GraphVisualizer.framework/Versions/A/GraphVisualizer
0x00007fff2b224000 	/System/Library/PrivateFrameworks/FaceCore.framework/Versions/A/FaceCore
0x00007fff2b640000 	/System/Library/PrivateFrameworks/OTSVG.framework/Versions/A/OTSVG
0x00007fff26ee3000 	/System/Library/Frameworks/ApplicationServices.framework/Versions/A/Frameworks/ATS.framework/Versions/A/Resources/libFontRegistry.dylib
0x00007fff2b68f000 	/System/Library/PrivateFrameworks/FontServices.framework/libhvf.dylib
0x00007fff2b053000 	/System/Library/PrivateFrameworks/AppleVA.framework/Versions/A/AppleVA
0x00007fff2cda3000 	/System/Library/Frameworks/ApplicationServices.framework/Versions/A/Frameworks/ATS.framework/Versions/A/ATS
0x00007fff2d0b6000 	/System/Library/Frameworks/ApplicationServices.framework/Versions/A/Frameworks/ColorSyncLegacy.framework/Versions/A/ColorSyncLegacy
0x00007fff25721000 	/System/Library/Frameworks/ApplicationServices.framework/Versions/A/Frameworks/HIServices.framework/Versions/A/HIServices
0x00007fff2d09b000 	/System/Library/Frameworks/ApplicationServices.framework/Versions/A/Frameworks/LangAnalysis.framework/Versions/A/LangAnalysis
0x00007fff2bd4e000 	/System/Library/Frameworks/ApplicationServices.framework/Versions/A/Frameworks/PrintCore.framework/Versions/A/PrintCore
0x00007fff2d0be000 	/System/Library/Frameworks/ApplicationServices.framework/Versions/A/Frameworks/QD.framework/Versions/A/QD
0x00007fff2cd93000 	/System/Library/Frameworks/ApplicationServices.framework/Versions/A/Frameworks/SpeechSynthesis.framework/Versions/A/SpeechSynthesis
0x00007fff2bd0f000 	/System/Library/Frameworks/ApplicationServices.framework/Versions/A/Frameworks/ATSUI.framework/Versions/A/ATSUI
0x00007fff2d03b000 	/usr/lib/libcups.2.dylib
0x00007fff2d0ab000 	/System/Library/PrivateFrameworks/NetAuth.framework/Versions/A/NetAuth
0x00007fff2d73a000 	/System/Library/Frameworks/Kerberos.framework/Versions/A/Kerberos
0x00007fff2d74a000 	/System/Library/Frameworks/GSS.framework/Versions/A/GSS
0x00007fff2ce10000 	/usr/lib/libresolv.9.dylib
0x00007fff2b6a5000 	/System/Library/PrivateFrameworks/Heimdal.framework/Versions/A/Heimdal
0x00007fff33401000 	/System/Library/Frameworks/Kerberos.framework/Versions/A/Libraries/libHeimdalProxy.dylib
0x00007fff262ef000 	/System/Library/Frameworks/Network.framework/Versions/A/Network
0x00007fff2b0c1000 	/usr/lib/libheimdal-asn1.dylib
0x00007fff2d79b000 	/System/Library/PrivateFrameworks/CommonAuth.framework/Versions/A/CommonAuth
0x00007fff2733c000 	/System/Library/PrivateFrameworks/login.framework/Versions/A/Frameworks/loginsupport.framework/Versions/A/loginsupport
0x00007fff2cd1a000 	/System/Library/PrivateFrameworks/AudioSession.framework/Versions/A/AudioSession
0x00007fff2cd80000 	/usr/lib/libAudioStatistics.dylib
0x00007fff2b14d000 	/System/Library/PrivateFrameworks/MediaExperience.framework/Versions/A/MediaExperience
0x00007fff2cbb3000 	/System/Library/PrivateFrameworks/AudioSession.framework/libSessionUtility.dylib
0x00007fff2d72b000 	/usr/lib/libperfcheck.dylib
0x00007fff2d0ca000 	/System/Library/PrivateFrameworks/AudioResourceArbitration.framework/Versions/A/AudioResourceArbitration
0x00007fff2b0cb000 	/System/Library/PrivateFrameworks/IconFoundation.framework/Versions/A/IconFoundation
0x00007fff2fbce000 	/System/Library/PrivateFrameworks/SpeechRecognitionCore.framework/Versions/A/SpeechRecognitionCore
0x00007fff5cead000 	/System/Library/CoreServices/Encodings/libSimplifiedChineseConverter.dylib
0x0000000111800000 	/Library/Java/JavaVirtualMachines/jdk1.8.0_271.jdk/Contents/Home/jre/lib/server/libjvm.dylib
0x000000010d688000 	/Library/Java/JavaVirtualMachines/jdk1.8.0_271.jdk/Contents/Home/jre/lib/libverify.dylib
0x000000010d699000 	/Library/Java/JavaVirtualMachines/jdk1.8.0_271.jdk/Contents/Home/jre/lib/libjava.dylib
0x000000010d6cd000 	/Library/Java/JavaVirtualMachines/jdk1.8.0_271.jdk/Contents/Home/jre/lib/libjdwp.dylib
0x000000010d717000 	/Library/Java/JavaVirtualMachines/jdk1.8.0_271.jdk/Contents/Home/jre/lib/libnpt.dylib
0x000000010d720000 	/private/var/folders/4f/f5gg6_4j2d9chf91726cdysr0000gn/T/jrebel-JRebel-202108031023-griffin/lib/libjrebel64.dylib
0x000000010d754000 	/Library/Java/JavaVirtualMachines/jdk1.8.0_271.jdk/Contents/Home/jre/lib/libinstrument.dylib
0x000000010d7c3000 	/Library/Java/JavaVirtualMachines/jdk1.8.0_271.jdk/Contents/Home/jre/lib/libzip.dylib
0x000000010d7e1000 	/Library/Java/JavaVirtualMachines/jdk1.8.0_271.jdk/Contents/Home/jre/lib/libdt_socket.dylib
0x0000000117353000 	/Library/Java/JavaVirtualMachines/jdk1.8.0_271.jdk/Contents/Home/jre/lib/libmanagement.dylib
0x0000000117364000 	/Library/Java/JavaVirtualMachines/jdk1.8.0_271.jdk/Contents/Home/jre/lib/libnio.dylib
0x0000000117376000 	/Library/Java/JavaVirtualMachines/jdk1.8.0_271.jdk/Contents/Home/jre/lib/libnet.dylib
0x00000001181cf000 	/Library/Java/JavaVirtualMachines/jdk1.8.0_271.jdk/Contents/Home/jre/lib/libsunec.dylib

VM Arguments:
jvm_args: -agentlib:jdwp=transport=dt_socket,address=127.0.0.1:61825,suspend=y,server=n -Drebel.base=/Users/shaoming/.jrebel -Drebel.env.ide.plugin.version=2021.3.1 -Drebel.env.ide.version=2021.2 -Drebel.env.ide.product=IU -Drebel.env.ide=intellij -Drebel.notification.url=http://localhost:17434 -agentpath:/var/folders/4f/f5gg6_4j2d9chf91726cdysr0000gn/T/jrebel-JRebel-202108031023-griffin/lib/libjrebel64.dylib -XX:TieredStopAtLevel=1 -Xverify:none -Dspring.output.ansi.enabled=always -javaagent:/Users/shaoming/Library/Caches/JetBrains/IntelliJIdea2021.2/captureAgent/debugger-agent.jar -Dcom.sun.management.jmxremote -Dspring.jmx.enabled=true -Dspring.liveBeansView.mbeanDomain -Dspring.application.admin.enabled=true -Dfile.encoding=UTF-8 
java_command: com.graduation.FileManagementServiceApplication
java_class_path (initial): /Library/Java/JavaVirtualMachines/jdk1.8.0_271.jdk/Contents/Home/jre/lib/charsets.jar:/Library/Java/JavaVirtualMachines/jdk1.8.0_271.jdk/Contents/Home/jre/lib/deploy.jar:/Library/Java/JavaVirtualMachines/jdk1.8.0_271.jdk/Contents/Home/jre/lib/ext/cldrdata.jar:/Library/Java/JavaVirtualMachines/jdk1.8.0_271.jdk/Contents/Home/jre/lib/ext/dnsns.jar:/Library/Java/JavaVirtualMachines/jdk1.8.0_271.jdk/Contents/Home/jre/lib/ext/jaccess.jar:/Library/Java/JavaVirtualMachines/jdk1.8.0_271.jdk/Contents/Home/jre/lib/ext/jfxrt.jar:/Library/Java/JavaVirtualMachines/jdk1.8.0_271.jdk/Contents/Home/jre/lib/ext/localedata.jar:/Library/Java/JavaVirtualMachines/jdk1.8.0_271.jdk/Contents/Home/jre/lib/ext/nashorn.jar:/Library/Java/JavaVirtualMachines/jdk1.8.0_271.jdk/Contents/Home/jre/lib/ext/sunec.jar:/Library/Java/JavaVirtualMachines/jdk1.8.0_271.jdk/Contents/Home/jre/lib/ext/sunjce_provider.jar:/Library/Java/JavaVirtualMachines/jdk1.8.0_271.jdk/Contents/Home/jre/lib/ext/sunpkcs11.jar:/Library/Java/JavaVirtualMachines/jdk1.8.0_271.jdk/Contents/Home/jre/lib/ext/zipfs.jar:/Library/Java/JavaVirtualMachines/jdk1.8.0_271.jdk/Contents/Home/jre/lib/javaws.jar:/Library/Java/JavaVirtualMachines/jdk1.8.0_271.jdk/Contents/Home/jre/lib/jce.jar:/Library/Java/JavaVirtualMachines/jdk1.8.0_271.jdk/Contents/Home/jre/lib/jfr.jar:/Library/Java/JavaVirtualMachines/jdk1.8.0_271.jdk/Contents/Home/jre/lib/jfxswt.jar:/Library/Java/JavaVirtualMachines/jdk1.8.0_271.jdk/Contents/Home/jre/lib/jsse.jar:/Library/Java/JavaVirtualMachines/jdk1.8.0_271.jdk/Contents/Home/jre/lib/management-agent.jar:/Library/Java/JavaVirtualMachines/jdk1.8.0_271.jdk/Contents/Home/jre/lib/plugin.jar:/Library/Java/JavaVirtualMachines/jdk1.8.0_271.jdk/Contents/Home/jre/lib/resources.jar:/Library/Java/JavaVirtualMachines/jdk1.8.0_271.jdk/Contents/Home/jre/lib/rt.jar:/Library/Java/JavaVirtualMachines/jdk1.8.0_271.jdk/Contents/Home/lib/ant-javafx.jar:/Library/Java/JavaVirtualMachines/jdk1.8.0_271.jdk/Contents/Home
Launcher Type: SUN_STANDARD

Environment Variables:
JAVA_HOME=/Library/Java/JavaVirtualMachines/jdk1.8.0_271.jdk/Contents/Home/
CLASSPATH=/Library/Java/JavaVirtualMachines/jdk1.8.0_271.jdk/Contents/Home//lib:/lib:
PATH=/usr/local/opt/mysql@5.7/bin:/Users/shaoming/opt/anaconda3/bin:/Users/shaoming/opt/anaconda3/condabin:/Users/shaoming/opt/anaconda3/bin:.;/usr/local/sbin:/usr/local/bin:/usr/local/sbin:/usr/local/bin:/Library/Frameworks/Python.framework/Versions/3.7/bin:/usr/local/bin:/usr/bin:/bin:/usr/sbin:/sbin:/usr/local/go/bin:/Library/Apple/usr/bin:/Users/shaoming/Documents/groovy-4.0.0-alpha-2/bin:/Library/Java/JavaVirtualMachines/jdk1.8.0_271.jdk/Contents/Home/bin:/Users/shaoming/Documents/apache-maven-3.8.1/bin:/Library/Java/JavaVirtualMachines/jdk1.8.0_271.jdk/Contents/Home/bin:/usr/local/hadoop/hadoop-3.2.2/bin:/usr/local/hadoop/hadoop-3.2.2/sbin:/Users/shaoming/opt/anaconda3/bin:/Users/shaoming/opt/anaconda3/bin
SHELL=/bin/zsh

Signal Handlers:
SIGSEGV: [libjvm.dylib+0x5a0dcb], sa_mask[0]=11111111011111110111111111111111, sa_flags=SA_ONSTACK|SA_RESTART|SA_SIGINFO
SIGBUS: [libjvm.dylib+0x5a0dcb], sa_mask[0]=11111111011111110111111111111111, sa_flags=SA_RESTART|SA_SIGINFO
SIGFPE: [libjvm.dylib+0x491731], sa_mask[0]=11111111011111110111111111111111, sa_flags=SA_RESTART|SA_SIGINFO
SIGPIPE: [libjvm.dylib+0x491731], sa_mask[0]=11111111011111110111111111111111, sa_flags=SA_RESTART|SA_SIGINFO
SIGXFSZ: [libjvm.dylib+0x491731], sa_mask[0]=11111111011111110111111111111111, sa_flags=SA_RESTART|SA_SIGINFO
SIGILL: [libjvm.dylib+0x491731], sa_mask[0]=11111111011111110111111111111111, sa_flags=SA_RESTART|SA_SIGINFO
SIGUSR1: SIG_DFL, sa_mask[0]=00000000000000000000000000000000, sa_flags=none
SIGUSR2: [libjvm.dylib+0x49202a], sa_mask[0]=00100000000000000000000000000000, sa_flags=SA_RESTART|SA_SIGINFO
SIGHUP: [libjvm.dylib+0x490239], sa_mask[0]=11111111011111110111111111111111, sa_flags=SA_RESTART|SA_SIGINFO
SIGINT: [libjvm.dylib+0x490239], sa_mask[0]=11111111011111110111111111111111, sa_flags=SA_RESTART|SA_SIGINFO
SIGTERM: [libjvm.dylib+0x490239], sa_mask[0]=11111111011111110111111111111111, sa_flags=SA_RESTART|SA_SIGINFO
SIGQUIT: [libjvm.dylib+0x490239], sa_mask[0]=11111111011111110111111111111111, sa_flags=SA_RESTART|SA_SIGINFO


---------------  S Y S T E M  ---------------

OS:Bsduname:Darwin 20.6.0 Darwin Kernel Version 20.6.0: Mon Aug 30 06:12:21 PDT 2021; root:xnu-7195.141.6~3/RELEASE_X86_64 x86_64
rlimit: STACK 8192k, CORE 0k, NPROC 2784, NOFILE 10240, AS infinity
load average:4.80 4.45 4.61

CPU:total 8 (initial active 8) (4 cores per cpu, 2 threads per core) family 6 model 142 stepping 12, cmov, cx8, fxsr, mmx, sse, sse2, sse3, ssse3, sse4.1, sse4.2, popcnt, avx, avx2, aes, clmul, erms, 3dnowpref, lzcnt, ht, tsc, tscinvbit, bmi1, bmi2, adx

Memory: 4k page, physical 16777216k(1251248k free)

/proc/meminfo:


vm_info: Java HotSpot(TM) 64-Bit Server VM (25.271-b09) for bsd-amd64 JRE (1.8.0_271-b09), built on Sep 16 2020 16:54:38 by "java_re" with gcc 4.2.1 Compatible Apple LLVM 10.0.0 (clang-1000.11.45.5)

time: Fri Oct 22 15:29:35 2021
timezone: CST
elapsed time: 528.935825 seconds (0d 0h 8m 48s)

