2021-08-24 07:07:58.295  WARN 9242 --- [HikariPool-1 housekeeper] com.zaxxer.hikari.pool.HikariPool        : HikariPool-1 - Thread starvation or clock leap detected (housekeeper delta=8h23m11s91ms).
2021-08-24 07:18:05.800  INFO 9242 --- [SessionValidationThread-1] a.s.s.m.AbstractValidatingSessionManager : Validating all active sessions...
2021-08-24 07:18:05.810  INFO 9242 --- [SessionValidationThread-1] a.s.s.m.AbstractValidatingSessionManager : Finished session validation.  [1] sessions were stopped.
2021-08-24 08:12:58.999  WARN 9242 --- [HikariPool-1 housekeeper] com.zaxxer.hikari.pool.HikariPool        : HikariPool-1 - Retrograde clock change detected (housekeeper delta=29s678ms), soft-evicting connections from pool.
2021-08-24 08:53:05.790  WARN 9242 --- [HikariPool-1 housekeeper] com.zaxxer.hikari.pool.HikariPool        : HikariPool-1 - Thread starvation or clock leap detected (housekeeper delta=40m6s791ms).
2021-08-24 08:57:53.688  INFO 9242 --- [SessionValidationThread-1] a.s.s.m.AbstractValidatingSessionManager : Validating all active sessions...
2021-08-24 08:57:53.688  INFO 9242 --- [SessionValidationThread-1] a.s.s.m.AbstractValidatingSessionManager : Finished session validation.  No sessions were stopped.
2021-08-24 08:59:15.278  WARN 9242 --- [HikariPool-1 housekeeper] com.zaxxer.hikari.pool.HikariPool        : HikariPool-1 - Retrograde clock change detected (housekeeper delta=28s213ms), soft-evicting connections from pool.
2021-08-24 09:38:26.730  INFO 9242 --- [http-nio-8081-exec-1] c.graduation.controller.SignController   : 用户:admin 登录!
2021-08-24 09:38:46.010  INFO 9242 --- [SpringApplicationShutdownHook] com.zaxxer.hikari.HikariDataSource       : HikariPool-1 - Shutdown initiated...
2021-08-24 09:38:46.018  INFO 9242 --- [SpringApplicationShutdownHook] com.zaxxer.hikari.HikariDataSource       : HikariPool-1 - Shutdown completed.
2021-08-24 09:38:54.309  INFO 85894 --- [main] g.FileManagementServiceSystemApplication : Starting FileManagementServiceSystemApplication using Java 1.8.0_271 on MacBook-Pro-2.local with PID 85894 (/Users/shaoming/Documents/IdeaProjects/FileManagementServiceSystem/target/classes started by shaoming in /Users/shaoming/Documents/IdeaProjects/FileManagementServiceSystem)
2021-08-24 09:38:54.310 DEBUG 85894 --- [main] g.FileManagementServiceSystemApplication : Running with Spring Boot v2.5.3, Spring v5.3.9
2021-08-24 09:38:54.311  INFO 85894 --- [main] g.FileManagementServiceSystemApplication : The following profiles are active: dev
2021-08-24 09:38:54.397  INFO 85894 --- [main] o.s.b.devtools.restart.ChangeableUrls    : The Class-Path manifest attribute in /Users/shaoming/Documents/apache-maven-3.8.1/repository/xalan/xalan/2.7.2/xalan-2.7.2.jar referenced one or more files that do not exist: file:/Users/shaoming/Documents/apache-maven-3.8.1/repository/xalan/xalan/2.7.2/xercesImpl.jar,file:/Users/shaoming/Documents/apache-maven-3.8.1/repository/xalan/xalan/2.7.2/xml-apis.jar,file:/Users/shaoming/Documents/apache-maven-3.8.1/repository/xalan/xalan/2.7.2/serializer.jar
2021-08-24 09:38:54.397  INFO 85894 --- [main] o.s.b.devtools.restart.ChangeableUrls    : The Class-Path manifest attribute in /Users/shaoming/Documents/apache-maven-3.8.1/repository/xalan/serializer/2.7.2/serializer-2.7.2.jar referenced one or more files that do not exist: file:/Users/shaoming/Documents/apache-maven-3.8.1/repository/xalan/serializer/2.7.2/xml-apis.jar
2021-08-24 09:38:54.398  INFO 85894 --- [main] .e.DevToolsPropertyDefaultsPostProcessor : Devtools property defaults active! Set 'spring.devtools.add-properties' to 'false' to disable
2021-08-24 09:38:54.398  INFO 85894 --- [main] .e.DevToolsPropertyDefaultsPostProcessor : For additional web related logging consider setting the 'logging.level.web' property to 'DEBUG'
2021-08-24 09:38:55.733  INFO 85894 --- [main] .s.d.r.c.RepositoryConfigurationDelegate : Multiple Spring Data modules found, entering strict repository configuration mode!
2021-08-24 09:38:55.736  INFO 85894 --- [main] .s.d.r.c.RepositoryConfigurationDelegate : Bootstrapping Spring Data Redis repositories in DEFAULT mode.
2021-08-24 09:38:55.770  INFO 85894 --- [main] .s.d.r.c.RepositoryConfigurationDelegate : Finished Spring Data repository scanning in 18 ms. Found 0 Redis repository interfaces.
2021-08-24 09:38:56.229  INFO 85894 --- [main] trationDelegate$BeanPostProcessorChecker : Bean 'shiroConfig' of type [com.graduation.config.ShiroConfig$$EnhancerBySpringCGLIB$$1] is not eligible for getting processed by all BeanPostProcessors (for example: not eligible for auto-proxying)
2021-08-24 09:38:56.478  INFO 85894 --- [main] trationDelegate$BeanPostProcessorChecker : Bean 'sessionManager' of type [org.apache.shiro.web.session.mgt.DefaultWebSessionManager] is not eligible for getting processed by all BeanPostProcessors (for example: not eligible for auto-proxying)
2021-08-24 09:38:56.611  INFO 85894 --- [main] trationDelegate$BeanPostProcessorChecker : Bean 'mybatis-plus-com.baomidou.mybatisplus.autoconfigure.MybatisPlusProperties' of type [com.baomidou.mybatisplus.autoconfigure.MybatisPlusProperties] is not eligible for getting processed by all BeanPostProcessors (for example: not eligible for auto-proxying)
2021-08-24 09:38:56.614  INFO 85894 --- [main] trationDelegate$BeanPostProcessorChecker : Bean 'mybatisPlusConfig' of type [com.graduation.config.MybatisPlusConfig$$EnhancerBySpringCGLIB$$1] is not eligible for getting processed by all BeanPostProcessors (for example: not eligible for auto-proxying)
2021-08-24 09:38:56.636  INFO 85894 --- [main] trationDelegate$BeanPostProcessorChecker : Bean 'org.springframework.boot.autoconfigure.jdbc.DataSourceTransactionManagerAutoConfiguration$JdbcTransactionManagerConfiguration' of type [org.springframework.boot.autoconfigure.jdbc.DataSourceTransactionManagerAutoConfiguration$JdbcTransactionManagerConfiguration] is not eligible for getting processed by all BeanPostProcessors (for example: not eligible for auto-proxying)
2021-08-24 09:38:56.638  INFO 85894 --- [main] trationDelegate$BeanPostProcessorChecker : Bean 'org.springframework.boot.autoconfigure.jdbc.DataSourceConfiguration$Hikari' of type [org.springframework.boot.autoconfigure.jdbc.DataSourceConfiguration$Hikari] is not eligible for getting processed by all BeanPostProcessors (for example: not eligible for auto-proxying)
2021-08-24 09:38:56.649  INFO 85894 --- [main] trationDelegate$BeanPostProcessorChecker : Bean 'spring.datasource-org.springframework.boot.autoconfigure.jdbc.DataSourceProperties' of type [org.springframework.boot.autoconfigure.jdbc.DataSourceProperties] is not eligible for getting processed by all BeanPostProcessors (for example: not eligible for auto-proxying)
2021-08-24 09:38:56.666  INFO 85894 --- [main] trationDelegate$BeanPostProcessorChecker : Bean 'dataSource' of type [com.zaxxer.hikari.HikariDataSource] is not eligible for getting processed by all BeanPostProcessors (for example: not eligible for auto-proxying)
2021-08-24 09:38:56.671  INFO 85894 --- [main] trationDelegate$BeanPostProcessorChecker : Bean 'org.springframework.boot.autoconfigure.transaction.TransactionAutoConfiguration' of type [org.springframework.boot.autoconfigure.transaction.TransactionAutoConfiguration] is not eligible for getting processed by all BeanPostProcessors (for example: not eligible for auto-proxying)
2021-08-24 09:38:56.678  INFO 85894 --- [main] trationDelegate$BeanPostProcessorChecker : Bean 'spring.transaction-org.springframework.boot.autoconfigure.transaction.TransactionProperties' of type [org.springframework.boot.autoconfigure.transaction.TransactionProperties] is not eligible for getting processed by all BeanPostProcessors (for example: not eligible for auto-proxying)
2021-08-24 09:38:56.679  INFO 85894 --- [main] trationDelegate$BeanPostProcessorChecker : Bean 'platformTransactionManagerCustomizers' of type [org.springframework.boot.autoconfigure.transaction.TransactionManagerCustomizers] is not eligible for getting processed by all BeanPostProcessors (for example: not eligible for auto-proxying)
2021-08-24 09:38:56.688  INFO 85894 --- [main] trationDelegate$BeanPostProcessorChecker : Bean 'transactionManager' of type [org.springframework.jdbc.support.JdbcTransactionManager] is not eligible for getting processed by all BeanPostProcessors (for example: not eligible for auto-proxying)
2021-08-24 09:38:56.697  INFO 85894 --- [main] com.zaxxer.hikari.HikariDataSource       : HikariPool-1 - Starting...
2021-08-24 09:38:56.920  INFO 85894 --- [main] com.zaxxer.hikari.HikariDataSource       : HikariPool-1 - Start completed.
2021-08-24 09:38:56.955  INFO 85894 --- [main] trationDelegate$BeanPostProcessorChecker : Bean 'mybatisPlusInterceptor' of type [com.baomidou.mybatisplus.extension.plugins.MybatisPlusInterceptor] is not eligible for getting processed by all BeanPostProcessors (for example: not eligible for auto-proxying)
2021-08-24 09:38:56.960  INFO 85894 --- [main] trationDelegate$BeanPostProcessorChecker : Bean 'com.baomidou.mybatisplus.autoconfigure.MybatisPlusAutoConfiguration' of type [com.baomidou.mybatisplus.autoconfigure.MybatisPlusAutoConfiguration$$EnhancerBySpringCGLIB$$1] is not eligible for getting processed by all BeanPostProcessors (for example: not eligible for auto-proxying)
2021-08-24 09:38:56.975  INFO 85894 --- [main] trationDelegate$BeanPostProcessorChecker : Bean 'myMetaObjectHandler' of type [com.graduation.handler.MyMetaObjectHandler] is not eligible for getting processed by all BeanPostProcessors (for example: not eligible for auto-proxying)
2021-08-24 09:38:56.991  INFO 85894 --- [main] trationDelegate$BeanPostProcessorChecker : Bean 'sqlSessionFactory' of type [org.apache.ibatis.session.defaults.DefaultSqlSessionFactory] is not eligible for getting processed by all BeanPostProcessors (for example: not eligible for auto-proxying)
2021-08-24 09:38:56.997  INFO 85894 --- [main] trationDelegate$BeanPostProcessorChecker : Bean 'sqlSessionTemplate' of type [org.mybatis.spring.SqlSessionTemplate] is not eligible for getting processed by all BeanPostProcessors (for example: not eligible for auto-proxying)
2021-08-24 09:38:57.315  INFO 85894 --- [main] trationDelegate$BeanPostProcessorChecker : Bean 'userMapper' of type [org.mybatis.spring.mapper.MapperFactoryBean] is not eligible for getting processed by all BeanPostProcessors (for example: not eligible for auto-proxying)
2021-08-24 09:38:57.321  INFO 85894 --- [main] trationDelegate$BeanPostProcessorChecker : Bean 'userMapper' of type [com.sun.proxy.$Proxy92] is not eligible for getting processed by all BeanPostProcessors (for example: not eligible for auto-proxying)
2021-08-24 09:38:57.322  INFO 85894 --- [main] trationDelegate$BeanPostProcessorChecker : Bean 'userServiceImpl' of type [com.graduation.service.impl.UserServiceImpl] is not eligible for getting processed by all BeanPostProcessors (for example: not eligible for auto-proxying)
2021-08-24 09:38:57.395  INFO 85894 --- [main] trationDelegate$BeanPostProcessorChecker : Bean 'peersMapper' of type [org.mybatis.spring.mapper.MapperFactoryBean] is not eligible for getting processed by all BeanPostProcessors (for example: not eligible for auto-proxying)
2021-08-24 09:38:57.399  INFO 85894 --- [main] trationDelegate$BeanPostProcessorChecker : Bean 'peersMapper' of type [com.sun.proxy.$Proxy93] is not eligible for getting processed by all BeanPostProcessors (for example: not eligible for auto-proxying)
2021-08-24 09:38:57.399  INFO 85894 --- [main] trationDelegate$BeanPostProcessorChecker : Bean 'peersServiceImpl' of type [com.graduation.service.impl.PeersServiceImpl] is not eligible for getting processed by all BeanPostProcessors (for example: not eligible for auto-proxying)
2021-08-24 09:38:57.420  INFO 85894 --- [main] trationDelegate$BeanPostProcessorChecker : Bean 'customRealm' of type [com.graduation.config.ShiroRealm] is not eligible for getting processed by all BeanPostProcessors (for example: not eligible for auto-proxying)
2021-08-24 09:38:57.424  INFO 85894 --- [main] trationDelegate$BeanPostProcessorChecker : Bean 'securityManager' of type [org.apache.shiro.web.mgt.DefaultWebSecurityManager] is not eligible for getting processed by all BeanPostProcessors (for example: not eligible for auto-proxying)
2021-08-24 09:38:57.858  INFO 85894 --- [main] o.s.b.w.embedded.tomcat.TomcatWebServer  : Tomcat initialized with port(s): 8081 (http)
2021-08-24 09:38:57.877  INFO 85894 --- [main] o.apache.catalina.core.StandardService   : Starting service [Tomcat]
2021-08-24 09:38:57.878  INFO 85894 --- [main] org.apache.catalina.core.StandardEngine  : Starting Servlet engine: [Apache Tomcat/9.0.50]
2021-08-24 09:38:58.092  INFO 85894 --- [main] o.a.c.c.C.[Tomcat].[localhost].[/]       : Initializing Spring embedded WebApplicationContext
2021-08-24 09:38:58.092  INFO 85894 --- [main] w.s.c.ServletWebServerApplicationContext : Root WebApplicationContext: initialization completed in 3693 ms
2021-08-24 09:38:58.106  INFO 85894 --- [main] o.s.b.a.h2.H2ConsoleAutoConfiguration    : H2 console available at '/h2-console'. Database available at 'jdbc:mysql:///fileSystem?useSSL=true'
2021-08-24 09:38:59.258  INFO 85894 --- [main] o.s.b.d.a.OptionalLiveReloadServer       : LiveReload server is running on port 35729
2021-08-24 09:38:59.294  INFO 85894 --- [main] o.s.b.a.w.s.WelcomePageHandlerMapping    : Adding welcome page template: index
2021-08-24 09:38:59.941  INFO 85894 --- [main] o.s.b.w.embedded.tomcat.TomcatWebServer  : Tomcat started on port(s): 8081 (http) with context path ''
2021-08-24 09:39:00.007  INFO 85894 --- [main] g.FileManagementServiceSystemApplication : Started FileManagementServiceSystemApplication in 6.435 seconds (JVM running for 12.876)
2021-08-24 09:39:09.213  INFO 85894 --- [http-nio-8081-exec-1] o.a.c.c.C.[Tomcat].[localhost].[/]       : Initializing Spring DispatcherServlet 'dispatcherServlet'
2021-08-24 09:39:09.213  INFO 85894 --- [http-nio-8081-exec-1] o.s.web.servlet.DispatcherServlet        : Initializing Servlet 'dispatcherServlet'
2021-08-24 09:39:09.219  INFO 85894 --- [http-nio-8081-exec-1] o.s.web.servlet.DispatcherServlet        : Completed initialization in 5 ms
2021-08-24 09:39:09.242  INFO 85894 --- [http-nio-8081-exec-1] a.s.s.m.AbstractValidatingSessionManager : Enabling session validation scheduler...
2021-08-24 09:39:11.593  INFO 85894 --- [http-nio-8081-exec-3] c.graduation.controller.SignController   : 用户:admin 登录!
2021-08-24 09:41:15.261 ERROR 85894 --- [http-nio-8081-exec-8] o.a.c.c.C.[.[.[/].[dispatcherServlet]    : Servlet.service() for servlet [dispatcherServlet] in context with path [] threw exception [Request processing failed; nested exception is cn.hutool.core.io.IORuntimeException: ConnectException: Connection refused (Connection refused)] with root cause

java.net.ConnectException: Connection refused (Connection refused)
	at java.net.PlainSocketImpl.socketConnect(Native Method) ~[na:1.8.0_271]
	at java.net.AbstractPlainSocketImpl.doConnect(AbstractPlainSocketImpl.java:476) ~[na:1.8.0_271]
	at java.net.AbstractPlainSocketImpl.connectToAddress(AbstractPlainSocketImpl.java:218) ~[na:1.8.0_271]
	at java.net.AbstractPlainSocketImpl.connect(AbstractPlainSocketImpl.java:200) ~[na:1.8.0_271]
	at java.net.SocksSocketImpl.connect(SocksSocketImpl.java:394) ~[na:1.8.0_271]
	at java.net.Socket.connect(Socket.java:606) ~[na:1.8.0_271]
	at java.net.Socket.connect(Socket.java:555) ~[na:1.8.0_271]
	at sun.net.NetworkClient.doConnect(NetworkClient.java:180) ~[na:1.8.0_271]
	at sun.net.www.http.HttpClient.openServer(HttpClient.java:463) ~[na:1.8.0_271]
	at sun.net.www.http.HttpClient.openServer(HttpClient.java:558) ~[na:1.8.0_271]
	at sun.net.www.http.HttpClient.<init>(HttpClient.java:242) ~[na:1.8.0_271]
	at sun.net.www.http.HttpClient.New(HttpClient.java:339) ~[na:1.8.0_271]
	at sun.net.www.http.HttpClient.New(HttpClient.java:357) ~[na:1.8.0_271]
	at sun.net.www.protocol.http.HttpURLConnection.getNewHttpClient(HttpURLConnection.java:1226) ~[na:1.8.0_271]
	at sun.net.www.protocol.http.HttpURLConnection.plainConnect0(HttpURLConnection.java:1162) ~[na:1.8.0_271]
	at sun.net.www.protocol.http.HttpURLConnection.plainConnect(HttpURLConnection.java:1056) ~[na:1.8.0_271]
	at sun.net.www.protocol.http.HttpURLConnection.connect(HttpURLConnection.java:990) ~[na:1.8.0_271]
	at sun.net.www.protocol.http.HttpURLConnection.getOutputStream0(HttpURLConnection.java:1340) ~[na:1.8.0_271]
	at sun.net.www.protocol.http.HttpURLConnection.getOutputStream(HttpURLConnection.java:1315) ~[na:1.8.0_271]
	at cn.hutool.http.HttpConnection.getOutputStream(HttpConnection.java:451) ~[hutool-all-5.6.6.jar:na]
	at cn.hutool.http.HttpRequest.sendFormUrlEncoded(HttpRequest.java:1186) ~[hutool-all-5.6.6.jar:na]
	at cn.hutool.http.HttpRequest.send(HttpRequest.java:1155) ~[hutool-all-5.6.6.jar:na]
	at cn.hutool.http.HttpRequest.execute(HttpRequest.java:968) ~[hutool-all-5.6.6.jar:na]
	at cn.hutool.http.HttpRequest.execute(HttpRequest.java:939) ~[hutool-all-5.6.6.jar:na]
	at cn.hutool.http.HttpUtil.post(HttpUtil.java:192) ~[hutool-all-5.6.6.jar:na]
	at cn.hutool.http.HttpUtil.post(HttpUtil.java:179) ~[hutool-all-5.6.6.jar:na]
	at com.graduation.utils.FileUtils.getDirectoryOrFileList(FileUtils.java:222) ~[classes/:na]
	at com.graduation.service.impl.FileServiceImpl.getParentFile(FileServiceImpl.java:48) ~[classes/:na]
	at com.graduation.service.impl.FileServiceImpl$$FastClassBySpringCGLIB$$1.invoke(<generated>) ~[classes/:na]
	at org.springframework.cglib.proxy.MethodProxy.invoke(MethodProxy.java:218) ~[spring-core-5.3.9.jar:5.3.9]
	at org.springframework.aop.framework.CglibAopProxy$DynamicAdvisedInterceptor.intercept(CglibAopProxy.java:688) ~[spring-aop-5.3.9.jar:5.3.9]
	at com.graduation.service.impl.FileServiceImpl$$EnhancerBySpringCGLIB$$1.getParentFile(<generated>) ~[classes/:na]
	at com.graduation.controller.FileController.getParentFile(FileController.java:56) ~[classes/:na]
	at sun.reflect.NativeMethodAccessorImpl.invoke0(Native Method) ~[na:1.8.0_271]
	at sun.reflect.NativeMethodAccessorImpl.invoke(NativeMethodAccessorImpl.java:62) ~[na:1.8.0_271]
	at sun.reflect.DelegatingMethodAccessorImpl.invoke(DelegatingMethodAccessorImpl.java:43) ~[na:1.8.0_271]
	at java.lang.reflect.Method.invoke(Method.java:498) ~[na:1.8.0_271]
	at org.springframework.web.method.support.InvocableHandlerMethod.doInvoke(InvocableHandlerMethod.java:197) ~[spring-web-5.3.9.jar:5.3.9]
	at org.springframework.web.method.support.InvocableHandlerMethod.invokeForRequest(InvocableHandlerMethod.java:141) ~[spring-web-5.3.9.jar:5.3.9]
	at org.springframework.web.servlet.mvc.method.annotation.ServletInvocableHandlerMethod.invokeAndHandle(ServletInvocableHandlerMethod.java:106) ~[spring-webmvc-5.3.9.jar:5.3.9]
	at org.springframework.web.servlet.mvc.method.annotation.RequestMappingHandlerAdapter.invokeHandlerMethod(RequestMappingHandlerAdapter.java:895) ~[spring-webmvc-5.3.9.jar:5.3.9]
	at org.springframework.web.servlet.mvc.method.annotation.RequestMappingHandlerAdapter.handleInternal(RequestMappingHandlerAdapter.java:808) ~[spring-webmvc-5.3.9.jar:5.3.9]
	at org.springframework.web.servlet.mvc.method.AbstractHandlerMethodAdapter.handle(AbstractHandlerMethodAdapter.java:87) ~[spring-webmvc-5.3.9.jar:5.3.9]
	at org.springframework.web.servlet.DispatcherServlet.doDispatch(DispatcherServlet.java:1064) ~[spring-webmvc-5.3.9.jar:5.3.9]
	at org.springframework.web.servlet.DispatcherServlet.doService(DispatcherServlet.java:963) ~[spring-webmvc-5.3.9.jar:5.3.9]
	at org.springframework.web.servlet.FrameworkServlet.processRequest(FrameworkServlet.java:1006) ~[spring-webmvc-5.3.9.jar:5.3.9]
	at org.springframework.web.servlet.FrameworkServlet.doPost(FrameworkServlet.java:909) ~[spring-webmvc-5.3.9.jar:5.3.9]
	at javax.servlet.http.HttpServlet.service(HttpServlet.java:681) ~[tomcat-embed-core-9.0.50.jar:4.0.FR]
	at org.springframework.web.servlet.FrameworkServlet.service(FrameworkServlet.java:883) ~[spring-webmvc-5.3.9.jar:5.3.9]
	at javax.servlet.http.HttpServlet.service(HttpServlet.java:764) ~[tomcat-embed-core-9.0.50.jar:4.0.FR]
	at org.apache.catalina.core.ApplicationFilterChain.internalDoFilter(ApplicationFilterChain.java:228) ~[tomcat-embed-core-9.0.50.jar:9.0.50]
	at org.apache.catalina.core.ApplicationFilterChain.doFilter(ApplicationFilterChain.java:163) ~[tomcat-embed-core-9.0.50.jar:9.0.50]
	at org.apache.shiro.web.servlet.ProxiedFilterChain.doFilter(ProxiedFilterChain.java:61) ~[shiro-web-1.7.1.jar:1.7.1]
	at org.apache.shiro.web.servlet.AdviceFilter.executeChain(AdviceFilter.java:108) ~[shiro-web-1.7.1.jar:1.7.1]
	at org.apache.shiro.web.servlet.AdviceFilter.doFilterInternal(AdviceFilter.java:137) ~[shiro-web-1.7.1.jar:1.7.1]
	at org.apache.shiro.web.servlet.OncePerRequestFilter.doFilter(OncePerRequestFilter.java:125) ~[shiro-web-1.7.1.jar:1.7.1]
	at org.apache.shiro.web.servlet.ProxiedFilterChain.doFilter(ProxiedFilterChain.java:66) ~[shiro-web-1.7.1.jar:1.7.1]
	at org.apache.shiro.web.servlet.AdviceFilter.executeChain(AdviceFilter.java:108) ~[shiro-web-1.7.1.jar:1.7.1]
	at org.apache.shiro.web.servlet.AdviceFilter.doFilterInternal(AdviceFilter.java:137) ~[shiro-web-1.7.1.jar:1.7.1]
	at org.apache.shiro.web.servlet.OncePerRequestFilter.doFilter(OncePerRequestFilter.java:125) ~[shiro-web-1.7.1.jar:1.7.1]
	at org.apache.shiro.web.servlet.ProxiedFilterChain.doFilter(ProxiedFilterChain.java:66) ~[shiro-web-1.7.1.jar:1.7.1]
	at org.apache.shiro.web.servlet.AbstractShiroFilter.executeChain(AbstractShiroFilter.java:450) ~[shiro-web-1.7.1.jar:1.7.1]
	at org.apache.shiro.web.servlet.AbstractShiroFilter$1.call(AbstractShiroFilter.java:365) ~[shiro-web-1.7.1.jar:1.7.1]
	at org.apache.shiro.subject.support.SubjectCallable.doCall(SubjectCallable.java:90) ~[shiro-core-1.7.1.jar:1.7.1]
	at org.apache.shiro.subject.support.SubjectCallable.call(SubjectCallable.java:83) ~[shiro-core-1.7.1.jar:1.7.1]
	at org.apache.shiro.subject.support.DelegatingSubject.execute(DelegatingSubject.java:387) ~[shiro-core-1.7.1.jar:1.7.1]
	at org.apache.shiro.web.servlet.AbstractShiroFilter.doFilterInternal(AbstractShiroFilter.java:362) ~[shiro-web-1.7.1.jar:1.7.1]
	at org.apache.shiro.web.servlet.OncePerRequestFilter.doFilter(OncePerRequestFilter.java:125) ~[shiro-web-1.7.1.jar:1.7.1]
	at org.apache.catalina.core.ApplicationFilterChain.internalDoFilter(ApplicationFilterChain.java:190) ~[tomcat-embed-core-9.0.50.jar:9.0.50]
	at org.apache.catalina.core.ApplicationFilterChain.doFilter(ApplicationFilterChain.java:163) ~[tomcat-embed-core-9.0.50.jar:9.0.50]
	at org.springframework.web.filter.RequestContextFilter.doFilterInternal(RequestContextFilter.java:100) ~[spring-web-5.3.9.jar:5.3.9]
	at org.springframework.web.filter.OncePerRequestFilter.doFilter(OncePerRequestFilter.java:119) ~[spring-web-5.3.9.jar:5.3.9]
	at org.apache.catalina.core.ApplicationFilterChain.internalDoFilter(ApplicationFilterChain.java:190) ~[tomcat-embed-core-9.0.50.jar:9.0.50]
	at org.apache.catalina.core.ApplicationFilterChain.doFilter(ApplicationFilterChain.java:163) ~[tomcat-embed-core-9.0.50.jar:9.0.50]
	at org.springframework.web.filter.FormContentFilter.doFilterInternal(FormContentFilter.java:93) ~[spring-web-5.3.9.jar:5.3.9]
	at org.springframework.web.filter.OncePerRequestFilter.doFilter(OncePerRequestFilter.java:119) ~[spring-web-5.3.9.jar:5.3.9]
	at org.apache.catalina.core.ApplicationFilterChain.internalDoFilter(ApplicationFilterChain.java:190) ~[tomcat-embed-core-9.0.50.jar:9.0.50]
	at org.apache.catalina.core.ApplicationFilterChain.doFilter(ApplicationFilterChain.java:163) ~[tomcat-embed-core-9.0.50.jar:9.0.50]
	at org.springframework.web.filter.CharacterEncodingFilter.doFilterInternal(CharacterEncodingFilter.java:201) ~[spring-web-5.3.9.jar:5.3.9]
	at org.springframework.web.filter.OncePerRequestFilter.doFilter(OncePerRequestFilter.java:119) ~[spring-web-5.3.9.jar:5.3.9]
	at org.apache.catalina.core.ApplicationFilterChain.internalDoFilter(ApplicationFilterChain.java:190) ~[tomcat-embed-core-9.0.50.jar:9.0.50]
	at org.apache.catalina.core.ApplicationFilterChain.doFilter(ApplicationFilterChain.java:163) ~[tomcat-embed-core-9.0.50.jar:9.0.50]
	at org.apache.catalina.core.StandardWrapperValve.invoke(StandardWrapperValve.java:202) ~[tomcat-embed-core-9.0.50.jar:9.0.50]
	at org.apache.catalina.core.StandardContextValve.__invoke(StandardContextValve.java:97) [tomcat-embed-core-9.0.50.jar:9.0.50]
	at org.apache.catalina.core.StandardContextValve.invoke(StandardContextValve.java:41002) [tomcat-embed-core-9.0.50.jar:9.0.50]
	at org.apache.catalina.authenticator.AuthenticatorBase.invoke(AuthenticatorBase.java:542) [tomcat-embed-core-9.0.50.jar:9.0.50]
	at org.apache.catalina.core.StandardHostValve.invoke(StandardHostValve.java:143) [tomcat-embed-core-9.0.50.jar:9.0.50]
	at org.apache.catalina.valves.ErrorReportValve.invoke(ErrorReportValve.java:92) [tomcat-embed-core-9.0.50.jar:9.0.50]
	at org.apache.catalina.core.StandardEngineValve.invoke(StandardEngineValve.java:78) [tomcat-embed-core-9.0.50.jar:9.0.50]
	at org.apache.catalina.connector.CoyoteAdapter.service(CoyoteAdapter.java:357) [tomcat-embed-core-9.0.50.jar:9.0.50]
	at org.apache.coyote.http11.Http11Processor.service(Http11Processor.java:382) [tomcat-embed-core-9.0.50.jar:9.0.50]
	at org.apache.coyote.AbstractProcessorLight.process(AbstractProcessorLight.java:65) [tomcat-embed-core-9.0.50.jar:9.0.50]
	at org.apache.coyote.AbstractProtocol$ConnectionHandler.process(AbstractProtocol.java:893) [tomcat-embed-core-9.0.50.jar:9.0.50]
	at org.apache.tomcat.util.net.NioEndpoint$SocketProcessor.doRun(NioEndpoint.java:1723) [tomcat-embed-core-9.0.50.jar:9.0.50]
	at org.apache.tomcat.util.net.SocketProcessorBase.run(SocketProcessorBase.java:49) [tomcat-embed-core-9.0.50.jar:9.0.50]
	at java.util.concurrent.ThreadPoolExecutor.runWorker(ThreadPoolExecutor.java:1149) [na:1.8.0_271]
	at java.util.concurrent.ThreadPoolExecutor$Worker.run(ThreadPoolExecutor.java:624) [na:1.8.0_271]
	at org.apache.tomcat.util.threads.TaskThread$WrappingRunnable.run(TaskThread.java:61) [tomcat-embed-core-9.0.50.jar:9.0.50]
	at java.lang.Thread.run(Thread.java:748) [na:1.8.0_271]

2021-08-24 09:42:14.398  INFO 85894 --- [http-nio-8081-exec-6] c.graduation.controller.SignController   : 用户:admin 登录!
2021-08-24 10:01:19.735  INFO 85894 --- [http-nio-8081-exec-4] c.graduation.controller.SignController   : 用户:admin 登录!
2021-08-24 10:39:09.073  INFO 85894 --- [SessionValidationThread-1] a.s.s.m.AbstractValidatingSessionManager : Validating all active sessions...
2021-08-24 10:39:09.081  INFO 85894 --- [SessionValidationThread-1] a.s.s.m.AbstractValidatingSessionManager : Finished session validation.  [1] sessions were stopped.
